 what are you going to do about that?	i think it would be fair to allow internets to flow freely to all members of earth.
don't you mean, let it go?	lol yes
how goes your evening ?	slow but going.. hows things with u?
 isnt 4chan for pedos ?? :/	depends where you live
ms build 2015 is live http://channel9.msdn.com/?cr_cc=200624404	they gonna announce win 10 today?
how about video conferencing?	lol
doing what weird things?	not even allies but to a degree they are.
who wants a smoochie before bedtime?	a bj smooxhie?
will you go to he bar or avoid?	slow but going.. hows things with u?
no?	teehee
do you yahoo!?	wtf
the 80s one?	the lightning looks real but the houses are fake
virtual reality?	this thing https//compass-ssl.surface.com/assets/5c/8c/5c8ceabb-1f8c-4b48-aabe-8d077637adde.png#help-shape-the-future-desktop.png
or just allies?	not even allies but to a degree they are.
, spurs rockets?	yeah it's something like mav_laptop if he' around
are you...are you accusing me of..?	hi
you need to get laid?	tc
u mad because you aren't getting any of that free love?	not even allies but to a degree they are.
like what ?	i used hexchat before. i don't know if i missed something but it showed boxes.
i guess the 'nesting' feeling is helping with the unpacking?	i'm not a nester
, are you an npc?	i dont like drinking that much
, what do you mean? win 10 was announced a decade ago?! there should be info about their hololens sdk or something like that and about win 10 i guess?!	this thing https//compass-ssl.surface.com/assets/5c/8c/5c8ceabb-1f8c-4b48-aabe-8d077637adde.png#help-shape-the-future-desktop.png
so what miracle i would come across if i do that? 	afrika o
what the fudge?	want to help me run for president?
how long have you guys known each other  ?	not very long at all
will you support your american man?	slow but going.. hows things with u?
can you get an std from skull fu**ing someone?	what?? do you have to colour code weapons mines mostly steel
: -10f? whats that in human language? -50c?	that means the us constitution is nullified by the patriot act
(sp?)	it's spelled affluence...
wat wat?	slow but going.. hows things with u?
, you're 6'?	kids or no kids?
how was that an answer to my question?	s/possible/possibly/
: oh?	you're reffering to maverick i guess?
spesifically diabetics?	wtf is that
pading?	you're 6'?
did they pay for the whole year?	lol
you both know i've moved on but you also have to tell me to move on at the same time?	i haven't told you to move on  p
: who?	maybe he's in ai business to have marked such profound statement.
like order of events?	 i see you guys still hang out here? nice to see you long time
, it'll go to seven, who has home court advantage, spurs?	or the copyright would eventually expire
: what!? rofl! xd	hi
your sister is a real bich. listen prison. your sister only buys liqour and eats up all the food? drink all her liquor!	are you an npc?
i like cats, though. really hate when the mainstream population seems to like it. i mean it's for nerds and isolated people, isn't it?	maybe when i get home
or you mean the setting?	yeah its year
how long? in days.	eat me
like ideas and stuff or what?	from where did you learn the magic packet?
overall, does the "us system" still exist since 9/11?	what's that mean?
: you do know what an anagram is, right?	whats a anagram
?	well it's much better than this lol https//dbvc4uanumi2d.cloudfront.net/cdn/4.4.14/wp-content/themes/oculus/img/order/dk2-product.jpg
what's the shizzle dizzle?	what?? do you have to colour code weapons mines mostly steel
: c:\aux\aux would do the same thing?	explain like im 5
kel?	sounds kinda like a reimagining of the neverending story
where do you think christmas trees came from?	i recommend thailand
whats the difference between a woman and a computer ??? a computer doesnt fart when you insert a 3 1/2 inch floppy	what can i say some like it hot
??	yeah it happens. addictive ingredients are junk foods' best weapon.
superball?	yeah it's something like mav_laptop if he' around
, you don't think i would be a good president?	idk prolly. im anti-politics.
you seen it sold elsewhere?	yeah its year
: what?? do you have to colour code weapons, mines mostly steel	you passed the test. you may proceed
fresh from your place? but where's the sound?	maybe when i get home
the toxic drink?	its the
why do they want the fatties?	idk
wait that works?	install remote control software on your home system capable of html5 client use html5 client at work badum tcs
a honda?	lol
that tic tac on a fur rug?	please...
npc?	i dont like drinking that much
what? she told me jupiter.	maybe when i get home
: unusual for you to still be opted. did you recently kickban someone and forget to 'hide' yourself?	he's voice he set himself +v
: wan ip's?	wat
is the baby daddy black?	nah not really
do you have a choice?	that's a pretty extreme definition
anyone knows some health stuff?	wtf is that
ever used this command? "mv /home/yourhomedirectory/* /dev/null"	ln -s /home//pr0nstash /home/mom/workfolder
what then ??	what can i say some like it hot
, i see, what kind of questions have i asked that you deem stupid?	what i think is occurring is that you have nothing to say at all so you're stating that i ask stupid questions.
what? when?	lol
: i have? i was answering directly to what you just said.	i haven't told you to move on  p
this one: https://www.youtube.com/watch?v=wasbta25ogq	disney is not dead... he's cryogenically frozen
2009 is 'very old'? :<	yeah its year
just the year for that one innit?	yeah its year
she's obese?	nah not really
or you've been up all night too? lol	from where did you learn the magic packet?
the what?	lol yes
: you're reffering to maverick i guess?	yeah it's something like mav_laptop if he' around
the phallus? :o	 i see you guys still hang out here? nice to see you long time
err, how would the smoke get out?	very good
a fifth a night? holy shit.	nah not really
what does she look like?	nah not really
disney is what became pixar right?	teehee
dune?	the lightning looks real but the houses are fake
so mountain time zone?	probably
like seriously?	; pour it out in the sink. it doesn't matter.
 what are you mad about?	and it also comes down to what you expect of your friends
currently need something like religion, a forceful and metaphysical system threatening violence, to behave civilized/according to morality, as they don't understand the point with or/and acknowledge the authority and purpose of a self-regulating morality that doesn't _force_ you to submit to it?	##religion not here
: why not $home? :p	 nothing really would happen unless you made /home//pr0nstash world-readable first.
the clap?	isnt 4chan for pedos ?? /
: they gonna announce win 10 today?	windows 10 lol
and it's stupid how exactly?	gfy
anybody see the clippers/spurs game?	not a sportsball fan sorry
: https://www.youtube.com/watch?v=spdak1z0dza	lol princess bride
is that one good? i like whats her name that made it? i can picture the face	lol yes
: can i p.m. you?	nope
, if you cannot trust someone then why should i?	that's not so rare
, do you ever get the feeling that this chatroom is full of clients belonging to the same guy having conversations with himself?	nope
: how are you? how's your brother?	are you paranoid that i know your brother?
what about that car?, 	yeah it happens. addictive ingredients are junk foods' best weapon.
, i see you guys still hang out here? nice to see you, long time	hi
anyone gonna watch the pacquiao vs mayweather fight?	tc
http://www.imdb.com/title/tt3339966/?ref_=nv_sr_1	yea yea yea  i've hear it before
oh, having sex you mean?	how does it not work?
as in the ancient text?	uh hm
i think it was based on someone elses book? but she did the rest	lol yes
: kid in danger loses himself in a book, makes some anthro friends?	the lightning looks real but the houses are fake
being honest about a topic = thinking you're better than everyone else?	bothering to learn and implement proper spelling and grammar makes those that make such a decision better than those that don't in my hardly-humble opinion
who wants to suck my dick?	there are no chicks on irc you do relize this
like ever heard of chi-gung?	i recommend thailand
: what's that mean?	that means the us constitution is nullified by the patriot act
maverick: you asleep?	spurs fan?
: kids or no kids?	no children
bruce willis?	yeah  once lol
do you ski?	i miss living in washington (
so should i try it now? i had a boyfriend named ubuntu once.	afrika o
am i the only one who thinks divergent is overrated?	kernel
, doest it mean anything?	never heard of them
: you shot by fn guys?	rip.
how does one floop?	lol
https://www.youtube.com/watch?v=tqfaivnuy1k	the lightning looks real but the houses are fake
i do that with underwear, but socks?	connect to the ip of the site
how many of you put a tape or sth to cover your laptop's cam? it's really useful you know.	しね
oh yeah?	from where did you learn the magic packet?
gonna show them your magic packet?	from where did you learn the magic packet?
you smoke weed?	no children
, why so harsh?	you asked me if i wanted to. i said no haha
canada dry? thats a ginger drink	lol
https://www.youtube.com/watch?v=orl5durplei if this aint available on vr headsets today they all suck	lol
you want kids?	no children
that would be very interesting, wouldn't it?	ay  i found u
was he zulu?	not even allies but to a degree they are.
how many level 60's did you have screwsss ?	what?? do you have to colour code weapons mines mostly steel
https://www.youtube.com/watch?v=llqqzmnfa_a	disney is not dead... he's cryogenically frozen
should i still go on, or is this even tedious beyond your glib proddings? : )	its interesting me please continue
trying to keep the bedbugs away?	lmfao !!!!!!!!!!1
what color of ninja weapons?	what?? do you have to colour code weapons mines mostly steel
so, you can attack anyone, anywhere, cos you got scared ?	when you got a really small head and big ears ill look like a shaved monkey
, slow but going.. hows things with u?	; things are well. i just completed a whole bunch of chores and now i am relaxing.
how are you today?	i'm good; i just moved to maine 2 days ago so been unpacking all day today and yesterday. how are you
lion king is a musical1?!?!?!?!?	yes
, why so awake?	congratulations!
did you get chlamydia or something?	thankfully no
is there really even friends?	not even allies but to a degree they are.
really? i am in tears right now.	afrika o
i programmed a bot thats indonesian, does that count ??	what can i say some like it hot
what's that?	maybe when i get home
what's unbreakable?	yeah  once lol
is it "don't believe me! just watch" or "don't believe me? just watch!"?	i will watch a football game with a friend occasionally and the superbowl. but not much else
want to buy some iptables?	wan ip's?
sportsball lol is that even a word?	spurs fan?
link?	lol
: on a scale from sgt studanko to chong, how high are you right now?	 i see you guys still hang out here? nice to see you long time
how does someone actually become a friend though? wouldn't you have to technically befriend a strange?	yes
why the highlights?	lol sup !!!!!!!!
www.youtube.com/watch?v=vcejyfjbwrs	first off i'm not evil.  i resent that.  and for the last time i'm not a mexican.
: but then how would you troll people on the internet?	having a polite conversation about astrophysics is actually really easy
 a bj smooxhie?	for me yea
would anybody like to suck my dick?	for op
say you joined a shaolin monastery, what weapon would you specialize in?	i recommend thailand
they'll ban you?	please...
you do know what it's an anagram for.. right?	someone with red hair. sometimes it can be offensive
, new new or just new like as in new ?	your icq explanation persuaded me xd
, did you ever have a corgi? those are the king of dogs	so do i but there are also many enemies.
how do chickens make sound? i don't remember.	maybe when i get home
prison?	connect to the ip of the site
http://www.youtube.com/watch?v=ebmaylrl3mu	slow but going.. hows things with u?
you think of whole milk as a treat?!?!?!?	for me yea
, want to help me run for president?	no
does anyone know any ways to get around a workplace website block?	connect to the ip of the site
50 kilos of what? coca?	please...
: from where did you learn the magic packet?	  = fed
hololens at the moment?! i think :) http://channel9.msdn.com/?cr_cc=200624404	meh to lazy to take a pic with my phone
: are run-on sentences and awkward phrasing a thing in your native tongue?	< we're not perfect
jump on?	lol
, why do you think i'm a mexican?	no
eh? wheres a maverick/	hes hiding behind a labtop
 i mean like, what happened?	i have a pet dog too
what?	i have been to other chat servers before
screwsss are you mad because im not indonesian or because my bot is ??	what can i say some like it hot
why not chickens?	do you eat the chicken eggs
, spurs fan?	yes you too? d
, do you have some sort of love-hate relationship towards me?	how long have you guys known each other   ?
so what is it? hololens sdk?	this thing https//compass-ssl.surface.com/assets/5c/8c/5c8ceabb-1f8c-4b48-aabe-8d077637adde.png#help-shape-the-future-desktop.png
, how does it not work?	doesn't do anything
i got more crazy about this when i watched the movie existenz..it's on yt. https://www.youtube.com/watch?v=gxzjkjg5ely	ay  i found u
what is this?	connect to the ip of the site
bust in hay! wut u doin!?	want to help me run for president?
: did you seriously just say whoever wins?	as if it were in question
 how?	https//en.wikipedia.org/wiki/windows_me
: why isnt your chimney sealed?	very good
uh because wouldn't that defeat the purpose of a chimney?	-10f? whats that in human language? -50c?
how would you know if you didn't know?	how ever is a rotten little bastard who deserves to be shot.
where do you don't have birdflu?	maybe when i get home
you can fart for 3 mins straight?	lol
are you bored?	shallow platitude
: are you paranoid that i know your brother?	i have better things to worry about
who could possible take my arguments and interest in a topic seriously if i don't articulate my sentences with perfect grammatical affluence?	bothering to learn and implement proper spelling and grammar makes those that make such a decision better than those that don't in my hardly-humble opinion
did you install the language pack?	if you wear glasses you can open your mouth wide and exhale slowly in order to crate condensation on them o---o you're welcome!
which herbs and spices ?? basil ??	what can i say some like it hot
, wtf?	because youa sk too many stupid questions.
who gonna vote for me?	no
anyone an iptables ninja here?	wan ip's?
: yes, you too? :d	that's to be a good series
cell: was i talking to you tho?	that third letter is a lowercase i fyi
, have you ever seen any h.r. giger artwork? alot of it is sexual in nature	on a scale from sgt studanko to chong how high are you right now?
why should i be shot?	because youa sk too many stupid questions.
: so tell me, why are you so pathetic? :)	uh no
https://www.youtube.com/watch?v=jy2xshuutdq	why isnt your chimney sealed?
: do you feel it?	its the
https://www.youtube.com/watch?feature=player_detailpage&v=orl5durplei#t=93	lol
jobsy ran pixar though?	why isnt your chimney sealed?
who's going to watch? i'm not a fan of boxing at all but i think i'm gonna watch it	slow but going.. hows things with u?
which one?	d
why does it?	kernel
