<jasonwryan>
<sudokode>
<halosghost>
<sudokode>
<jasonwryan>
<sudokode>
<halosghost>
<sudokode>
<halosghost>
<halosghost>
<jasonwryan>
<halosghost>
<sudokode>
<jasonwryan>
<jasonwryan>
<phrik>
<coolthingy500>
<sudokode>
<dacoit>
<sudokode>
<sudokode>
<sudokode>
<dacoit>
<coolthingy500>
<coolthingy500>
<BrainDamage>
<phrik>
<sudokode>
<BrainDamage>
<phrik>
<coolthingy500>
<dacoit>
<sudokode>
<sudokode>
<coolthingy500>
<sudokode>
<dacoit>
<sudokode>
<sudokode>
<dacoit>
<sudokode>
<sudokode>
<coolthingy500>
<sudokode>
<sudokode>
<coolthingy500>
<sudokode>
<sudokode>
<sudokode>
<coolthingy500>
<sudokode>
<coolthingy500>
<dacoit>
<sudokode>
<sudokode>
<coolthingy500>
<sudokode>
<dacoit>
<dacoit>
<sudokode>
<coolthingy500>
<coolthingy500>
<coolthingy500>
<dacoit>
<dacoit>
<phrik>
<sudokode>
<sudokode>
<coolthingy500>
<Caleb>
<Caleb>
<Caleb>
<coolthingy500>
<sudokode>
<sudokode>
<Caleb>
<dacoit>
<sudokode>
<coolthingy500>
<dacoit>
<Caleb>
<Caleb>
<sudokode>
<dacoit>
<dacoit>
<dacoit>
<sudokode>
<dacoit>
<dacoit>
<sudokode>
<coolthingy500>
<coolthingy500>
<Caleb>
<Tom^>
<Tom^>
<nomelette>
<Wildefyr>
<coolthingy500>
<sheep>
<Tom^>
<Caleb>
<dacoit>
<nomelette>
<coolthingy500>
<coolthingy500>
<coolthingy500>
<Caleb>
<nomelette>
<Caleb>
<dacoit>
<Caleb>
<Tom^>
<Tom^>
<nomelette>
<coolthingy500>
<halosghost>
<phrik>
<nomelette>
<coolthingy500>
<phrik>
<nomelette>
<Caleb>
<coolthingy500>
<Tom^>
<sudokode>
<Caleb>
<sudokode>
<nomelette>
<coolthingy500>
<nomelette>
<sudokode>
<halosghost>
<nomelette>
<Caleb>
<halosghost>
<Caleb>
<Caleb>
<nomelette>
<Caleb>
<halosghost>
<coolthingy500>
<coolthingy500>
<Caleb>
<dacoit>
<Caleb>
<tigrmesh>
<sudokode>
<Caleb>
<sudokode>
<tigrmesh>
<Caleb>
<coolthingy500>
<Caleb>
<sheep>
<sudokode>
<dacoit>
<tigrmesh>
<Tom^>
<sheep>
<Tom^>
<Caleb>
<Caleb>
<Caleb>
<Caleb>
<coolthingy500>
<coolthingy500>
<halosghost>
<halosghost>
<Caleb>
<Caleb>
<Tom^>
<halosghost>
<Caleb>
<dacoit>
<sudokode>
<coolthingy500>
<coolthingy500>
<dacoit>
<phrik>
<sudokode>
<sheep>
<sudokode>
<sudokode>
<Caleb>
<sudokode>
<sudokode>
<coolthingy500>
<Caleb>
<sudokode>
<dacoit>
<sheep>
<Caleb>
<coolthingy500>
<sudokode>
<sudokode>
<Tom^>
<sudokode>
<dacoit>
<dacoit>
<sheep>
<sudokode>
<Tom^>
<Tom^>
<sudokode>
<tigrmesh>
<sudokode>
<sheep>
<coolthingy500>
<sudokode>
<tigrmesh>
<tigrmesh>
<sudokode>
<coolthingy500>
<coolthingy500>
<Caleb>
<coolthingy500>
<crazedpsyc>
<sudokode>
<crazedpsyc>
<Caleb>
<Caleb>
<sudokode>
<sudokode>
<seemikehack>
<phrik>
<seemikehack>
<sudokode>
<sudokode>
<sudokode>
<dacoit>
<sudokode>
<Caleb>
<seemikehack>
<seemikehack>
<seemikehack>
<kj4>
<seemikehack>
<seemikehack>
<seemikehack>
<seemikehack>
<sudokode>
<sudokode>
<sudokode>
<seemikehack>
<seemikehack>
<seemikehack>
<seemikehack>
<seemikehack>
<kyusaki>
<switchy>
<seemikehack>
<switchy>
<seemikehack>
<seemikehack>
<seemikehack>
<switchy>
<switchy>
<Wildefyr>
<switchy>
<zer0rest>
<seemikehack>
<seemikehack>
<Wildefyr>
<sudokode>
<ponyrider>
<ponyrider>
<sudokode>
<Junka>
<Junka>
<Junka>
<ponyrider>
<MjrTom>
<MjrTom>
<Junka>
<RtMF>
<pandb>
<RtMF>
<pandb>
<RtMF>
<RtMF>
<sudokode>
<sudokode>
<RtMF>
<pandb>
<RtMF>
<RtMF>
<pandb>
<RtMF>
<RtMF>
<pandb>
<RtMF>
<pandb>
<RtMF>
<RtMF>
<ponyrider>
<ponyrider>
<RtMF>
<RtMF>
<RtMF>
<RtMF>
<Zerkalerka>
<switchy>
<ponyrider>
<switchy>
<Zerkalerka>
<ponyrider>
<phrik>
<switchy>
<Guest9308>
<pandb>
<pandb>
<pandb>
<switchy>
<pandb>
<Wildefyr>
<grawity>
<Scimmia>
<grawity>
<grawity>
<grawity>
<Wildefyr>
<pandb>
<pandb>
<pandb>
<grawity>
<Junka>
<switchy>
<Junka>
<abuss>
<sdh_>
<abuss>
<abuss>
<abuss>
<sheep>
<grawity>
<grawity>
<sdh_>
<sdh_>
<grawity>
<dacoit>
<grawity>
<sdh_>
<dacoit>
<dacoit>
<v3nturetheworld>
<grawity>
<grawity>
<v3nturetheworld>
<jushur>
<dacoit>
<v3nturetheworld>
<switchy>
<dacoit>
<v3nturetheworld>
<jushur>
<switchy>
<jushur>
<jushur>
<abuss>
<phrik>
<abuss>
<abuss>
<switchy>
<abuss>
<abuss>
<Tekken>
<Tekken>
<nukke>
<nukke>
<switchy>
<nukke>
<grawity>
<grawity>
<nukke>
<grawity>
<nukke>
<switchy>
<switchy>
<switchy>
<grawity>
<kadosh>
<grawity>
<kadosh>
<kadosh>
<kadosh>
<kadosh>
<kadosh>
<kadosh>
<kadosh>
<kadosh>
<kadosh>
<kadosh>
<nukke>
<nukke>
<naloth>
<v3nturetheworld>
<g0ts1ck>
<naloth>
<Tekken>
<naloth>
<Tekken>
<naloth>
<JackWinter1>
<g0ts1ck>
<grawity>
<g0ts1ck>
<Wildefyr>
<phrik>
<Wildefyr>
<naloth>
<Wildefyr>
<Wildefyr>
<naloth>
<sheep>
<Wildefyr>
<pandb>
<sheep>
<pandb>
<sheep>
<g0ts1ck>
<pandb>
<pandb>
<sheep>
<grawity>
<g0ts1ck>
<sheep>
<g0ts1ck>
<grawity>
<sheep>
<g0ts1ck>
<sheep>
<g0ts1ck>
<pandb>
<g0ts1ck>
<grawity>
<pandb>
<pandb>
<grawity>
<grawity>
<grawity>
<pandb>
<grawity>
<pandb>
<pandb>
<pandb>
<grawity>
<grawity>
<pandb>
<grawity>
<pandb>
<pandb>
<grawity>
<pandb>
<pandb>
<grawity>
<grawity>
<pandb>
<grawity>
<pandb>
<pandb>
<grawity>
<grawity>
<grawity>
<pandb>
<grawity>
<pandb>
<grawity>
<grawity>
<grawity>
<grawity>
<pandb>
<pandb>
<pandb>
<grawity>
<grawity>
<grawity>
<pandb>
<pandb>
<pandb>
<grawity>
<pandb>
<nullie>
<nullie>
<guiburgueira>
<tomty89>
<tomty89>
<Namarrgon>
<grawity>
<guiburgueira>
<tomty89>
<tomty89>
<guiburgueira>
<tomty89>
<estan>
<Namarrgon>
<guiburgueira>
<Namarrgon>
<grawity>
<guiburgueira>
<pandb>
<guiburgueira>
<pandb>
<grawity>
<Namarrgon>
<grawity>
<tomty89>
<tomty89>
<grawity>
<estan>
<guiburgueira>
<estan>
<Namarrgon>
<estan>
<guiburgueira>
<guiburgueira>
<Namarrgon>
<grawity>
<grawity>
<guiburgueira>
<guiburgueira>
<guiburgueira>
<estan>
<grawity>
<guiburgueira>
<guiburgueira>
<Namarrgon>
<estan>
<Namarrgon>
<guiburgueira>
<guiburgueira>
<guiburgueira>
<Namarrgon>
<guiburgueira>
<guiburgueira>
<guiburgueira>
<guiburgueira>
<JackWinter1>
<Tekken>
<Tekken>
<MrElendig>
<MrElendig>
<phrik>
<JackWinter1>
<JackWinter1>
<nimpsnawak>
<nimpsnawak>
<phrik>
<nimpsnawak>
<Namarrgon>
<nimpsnawak>
<JackWinter1>
<Namarrgon>
<nimpsnawak>
<tomty89>
<tomty89>
<nimpsnawak>
<Namarrgon>
<tomty89>
<tomty89>
<nimpsnawak>
<nimpsnawak>
<guiburgueira>
<tomty89>
<ShadowKatStudios>
<tomty89>
<nimpsnawak>
<nimpsnawak>
<root____4>
<tomty89>
<MrElendig>
<MrElendig>
<ShadowKatStudios>
<ShadowKatStudios>
<JackWinter1>
<MrElendig>
<JackWinter1>
<guiburgueira>
<tomty89>
<MrElendig>
<MrElendig>
<tomty89>
<MrElendig>
<ShadowKatStudios>
<tomty89>
<tomty89>
<guiburgueira>
<tomty89>
<tomty89>
<MrElendig>
<phrik>
<MrElendig>
<MrElendig>
<phrik>
<MrElendig>
<tomty89>
<tomty89>
<MrElendig>
<phrik>
<MrElendig>
<tomty89>
<MrElendig>
<MrElendig>
<saivert>
<tomty89>
<tomty89>
<tomty89>
<tomty89>
<Tekken>
<saivert>
<saivert>
<tomty89>
<tomty89>
<Tekken>
<tomty89>
<tomty89>
<Tekken>
<tomty89>
<ShadowKatStudios>
<Tekken>
<Tekken>
<ShadowKatStudios>
<tomty89>
<saivert>
<tomty89>
<saivert>
<Tekken>
<Tekken>
<saivert>
<tomty89>
<saivert>
<saivert>
<saivert>
<saivert>
<tomty89>
<tomty89>
<tomty89>
<phrik>
<Tekken>
<Tekken>
<Tekken>
<tomty89>
<saivert>
<saivert>
<tomty89>
<ShadowKatStudios>
<Tekken>
<saivert>
<Tekken>
<saivert>
<Tekken>
<tomty89>
<Tekken>
<Tekken>
<guiburgueira>
<Tekken>
<Tekken>
<Tekken>
<saivert>
<saivert>
<Tekken>
<saivert>
<Tekken>
<saivert>
<Tekken>
<saivert>
<Tekken>
<saivert>
<saivert>
<Tekken>
<saivert>
<Tekken>
<guiburgueira>
<Tekken>
<Tekken>
<Tekken>
<Tekken>
<TingPing>
<tomty89>
<danners>
<estan>
<phrik>
<MrElendig>
<MrElendig>
<MrElendig>
<estan>
<danners>
<guiburgueira>
<MrElendig>
<danners>
<MrElendig>
<MrElendig>
<danners>
<danners>
<e^0>
<smirky>
<smirky>
<smirky>
<MrElendig>
<smirky>
<Wildefyr>
<smirky>
<Wildefyr>
<e^0>
<th0rne>
<e^0>
<nkparadox>
<e^0>
<e^0>
<nkparadox>
<e^0>
<e^0>
<nkparadox>
<e^0>
<nkparadox>
<e^0>
<nkparadox>
<e^0>
<e^0>
<nkparadox>
<estan>
<phrik>
<e^0>
<estan>
<nkparadox>
<nkparadox>
<nkparadox>
<linduxed>
<linduxed>
<estan>
<nkparadox>
<estan>
<linduxed>
<linduxed>
<linduxed>
<estan>
<phrik>
<nkparadox>
<linduxed>
<nkparadox>
<estan>
<estan>
<nkparadox>
<nkparadox>
<estan>
<estan>
<estan>
<Tekken>
<Tekken>
<e^0>
<nkparadox>
<estan>
<estan>
<Tekken>
<estan>
<e^0>
<nkparadox>
<estan>
<nkparadox>
<e^0>
<Tekken>
<Tekken>
<estan>
<Tekken>
<saivert>
<nkparadox>
<phrik>
<e^0>
<Tekken>
<Tekken>
<saivert>
<Tekken>
<estan>
<saivert>
<saivert>
<saivert>
<estan>
<solipsists>
<rkreis>
<rkreis>
<solipsists>
<rkreis>
<solipsists>
<Tekken>
<Tekken>
<Tekken>
<rkreis>
<saivert>
<saivert>
<rkreis>
<saivert>
<rkreis>
<solipsists>
<rkreis>
<rkreis>
<solipsists>
<phrik>
<guiburgueira>
<guiburgueira>
<rkreis>
<solipsists>
<rkreis>
<rkreis>
<solipsists>
<tomty89>
<Namarrgon>
<tomty89>
<phrik>
<Namarrgon>
<tomty89>
<phrik>
<solipsists>
<phrik>
<tomty89>
<phrik>
<rkreis>
<rkreis>
<tomty89>
<tomty89>
<rkreis>
<solipsists>
<phrik>
<rkreis>
<tomty89>
<tomty89>
<rkreis>
<tomty89>
<estan>
<tomty89>
<solipsists>
<tomty89>
<rkreis>
<tomty89>
<solipsists>
<tomty89>
<estan>
<tomty89>
<tomty89>
<solipsists>
<solipsists>
<estan>
<phrik>
<tomty89>
<estan>
<tomty89>
<estan>
<smirky>
<phrik>
<estan>
<solipsists>
<tomty89>
<solipsists>
<tomty89>
<solipsists>
<tomty89>
<tomty89>
<tomty89>
<solipsists>
<tomty89>
<solipsists>
<tomty89>
<solipsists>
<tomty89>
<tomty89>
<solipsists>
<tomty89>
<tomty89>
<tomty89>
<solipsists>
<tomty89>
<tomty89>
<tomty89>
<tomty89>
<tomty89>
<solipsists>
<solipsists>
<solipsists>
<Tekken>
<Tekken>
<Tekken>
<tomty89>
<g0ts1ck>
<Namarrgon>
<phrik>
<g0ts1ck>
<g0ts1ck>
<g0ts1ck>
<throstur>
<throstur>
<tomty89>
<throstur>
<throstur>
<tomty89>
<throstur>
<throstur>
<tomty89>
<Junka>
<Junka>
<nyuszika7h>
<Junka>
<tomty89>
<tomty89>
<grawity>
<throstur>
<tomty89>
<mar77i>
<mar77i>
<throstur>
<throstur>
<mar77i>
<throstur>
<tomty89>
<th0rne>
<tomty89>
<mar77i>
<th0rne>
<tomty89>
<tomty89>
<phrik>
<Tekken>
<Tekken>
<tomty89>
<Tekken>
<Wildefyr>
<Wildefyr>
<mar77i>
<Wildefyr>
<Wildefyr>
<mar77i>
<tomty89>
<mar77i>
<Wildefyr>
<tomty89>
<mar77i>
<phrik>
<tomty89>
<mar77i>
<tomty89>
<th0rne>
<tomty89>
<tomty89>
<th0rne>
<mar77i>
<phrik>
<tomty89>
<th0rne>
<tomty89>
<th0rne>
<tomty89>
<mar77i>
<mar77i>
<tomty89>
<tomty89>
<tomty89>
<tomty89>
<th0rne>
<th0rne>
<tomty89>
<th0rne>
<tomty89>
<th0rne>
<th0rne>
<tomty89>
<mar77i>
<tomty89>
<tomty89>
<th0rne>
<tomty89>
<phrik>
<smirky>
<tomty89>
<tomty89>
<phrik>
<smirky>
<tomty89>
<grawity>
<grawity>
<grawity>
<th0rne>
<smirky>
<woffs>
<sbrg>
<woffs>
<tomty89>
<grawity>
<sbrg>
<sbrg>
<mar77i>
<phrik>
<sbrg>
<tomty89>
<sbrg>
<mar77i>
<tomty89>
<phrik>
<sbrg>
<tomty89>
<tomty89>
<mar77i>
<sbrg>
<dagle>
<tomty89>
<dagle>
<tomty89>
<tomty89>
<mar77i>
<tomty89>
<ABDU1989>
<tomty89>
<sbrg>
<tomty89>
<sbrg>
<sbrg>
<sbrg>
<tomty89>
<phrik>
<mar77i>
<sbrg>
<tomty89>
<grawity>
<tomty89>
<mar77i>
<mar77i>
<tomty89>
<phrik>
<tomty89>
<g0ts1ck>
<grawity>
<tomty89>
<phrik>
<g0ts1ck>
<g0ts1ck>
<sbrg>
<tomty89>
<phrik>
<phrik>
<tomty89>
<sbrg>
<tomty89>
<sbrg>
<g0ts1ck>
<g0ts1ck>
<tomty89>
<sbrg>
<grawity>
<grawity>
<sbrg>
<g0ts1ck>
<dagle>
<tomty89>
<grawity>
<dagle>
<grawity>
<mar77i>
<g0ts1ck>
<sbrg>
<ABDU1989>
<tomty89>
<sbrg>
<tomty89>
<mar77i>
<phrik>
<tomty89>
<mar77i>
<mar77i>
<sbrg>
<mar77i>
<sbrg>
<mar77i>
<sbrg>
<tomty89>
<tomty89>
<phrik>
<tomty89>
<e^0>
<e^0>
<mar77i>
<tomty89>
<tomty89>
<e^0>
<mar77i>
<tomty89>
<tomty89>
<sbrg>
<e^0>
<tomty89>
<tomty89>
<e^0>
<tomty89>
<tomty89>
<e^0>
<tomty89>
<tomty89>
<tomty89>
<tomty89>
<sbrg>
<e^0>
<mar77i>
<tomty89>
<sbrg>
<sbrg>
<tomty89>
<sbrg>
<e^0>
<tomty89>
<e^0>
<sbrg>
<tomty89>
<tomty89>
<e^0>
<mar77i>
<tomty89>
<phrik>
<sbrg>
<tomty89>
<e^0>
<tomty89>
<e^0>
<tomty89>
<e^0>
<tomty89>
<tomty89>
<tomty89>
<e^0>
<e^0>
<e^0>
<tomty89>
<tomty89>
<sbrg>
<tomty89>
<tomty89>
<sbrg>
<sbrg>
<tomty89>
<tomty89>
<tomty89>
<tomty89>
<tomty89>
<tomty89>
<tomty89>
<sbrg>
<phrik>
<sbrg>
<tomty89>
<tomty89>
<sbrg>
<sbrg>
<sbrg>
<tomty89>
<sbrg>
<sbrg>
<tomty89>
<sbrg>
<tomty89>
<tomty89>
<sbrg>
<tomty89>
<phrik>
<tomty89>
<sbrg>
<demize>
<demize>
<demize>
<sbrg>
<sbrg>
<tomty89>
<sbrg>
<sbrg>
<tomty89>
<sbrg>
<sbrg>
<tomty89>
<tomty89>
<tomty89>
<tomty89>
<sbrg>
<sbrg>
<sbrg>
<sbrg>
<tomty89>
<sbrg>
<sbrg>
<tomty89>
<sbrg>
<tomty89>
<sbrg>
<tomty89>
<sbrg>
<sbrg>
<tomty89>
<guiburgueira>
<guiburgueira>
<tomty89>
<tomty89>
<tomty89>
<tomty89>
<phrik>
<tomty89>
<phrik>
<tomty89>
<phrik>
<tomty89>
<phrik>
<sbrg>
<Namarrgon>
<phrik>
<Chrisliebaer>
<Namarrgon>
<Chrisliebaer>
<Furah>
<Namarrgon>
<phrik>
<tomty89>
<Furah>
<Chrisliebaer>
<tomty89>
<sodae>
<phrik>
<Furah>
<Furah>
<bretzel>
<Namarrgon>
<bretzel>
<Furah>
<Namarrgon>
<saivert>
<saivert>
<Namarrgon>
<pvinis>
<pvinis>
<Furah>
<pvinis>
<saivert>
<pvinis>
<demonicmaniac3>
<Pessimist>
<demonicmaniac3>
<pvinis>
<pvinis>
<Pessimist>
<ack006>
<pvinis>
<phrik>
<Pessimist>
<Furah>
<pvinis>
<pvinis>
<ack006>
<Pessimist>
<Furah>
<ack006>
<throstur>
<pvinis>
<pvinis>
<Furah>
<ack006>
<pvinis>
<throstur>
<Furah>
<throstur>
<ack006>
<saivert>
<phrik>
<pvinis>
<saivert>
<pvinis>
<saivert>
<saivert>
<pvinis>
<g0ts1ck>
<pvinis>
<throstur>
<grawity>
<g0ts1ck>
<pvinis>
<phrik>
<g0ts1ck>
<g0ts1ck>
<throstur>
<throstur>
<throstur>
<g0ts1ck>
<g0ts1ck>
<grawity>
<g0ts1ck>
<throstur>
<grawity>
<grawity>
<g0ts1ck>
<g0ts1ck>
<grawity>
<g0ts1ck>
<g0ts1ck>
<bellbreaker>
<Namarrgon>
<grawity>
<bellbreaker>
<g0ts1ck>
<bellbreaker>
<saivert>
<saivert>
<saivert>
<sbrg>
<_mel_>
<Furah>
<Cazou>
<tigrmesh>
<tigrmesh>
<phrik>
<Cazou>
<sbrg>
<tigrmesh>
<_mel_>
<guiburgueira>
<MrElendig>
<MrElendig>
<tigrmesh>
<sbrg>
<vohof>
<t-ask>
<vohof>
<vohof>
<MrElendig>
<MrElendig>
<t-ask>
<tigrmesh>
<MrElendig>
<t-ask>
<guiburgueira>
<MrElendig>
<guiburgueira>
<MrElendig>
<guiburgueira>
<MrElendig>
<MrElendig>
<MrElendig>
<MrElendig>
<guiburgueira>
<guiburgueira>
<MrElendig>
<guiburgueira>
<MrElendig>
<MrElendig>
<MrElendig>
<guiburgueira>
<guiburgueira>
<guiburgueira>
<guiburgueira>
<guiburgueira>
<guiburgueira>
<P67>
<P67>
<MrElendig>
<MrElendig>
<P67>
<sbrg>
<sbrg>
<phrik>
<P67>
<sbrg>
<tigrmesh>
<saivert>
<tomty89>
<tanj>
<tanj>
<tomty89>
<tomty89>
<tanj>
<tomty89>
<pid1>
<sbrg>
<tanj>
<tanj>
<tomty89>
<tanj>
<tomty89>
<pid1>
<tanj>
<tanj>
<tomty89>
<pid1>
<pid1>
<tomty89>
<tanj>
<tomty89>
<tomty89>
<tomty89>
<tomty89>
<tanj>
<tomty89>
<tomty89>
<tanj>
<tanj>
<tomty89>
<tanj>
<tomty89>
<tomty89>
<tomty89>
<tanj>
<tomty89>
<tanj>
<tanj>
<tomty89>
<pid1>
<tanj>
<pid1>
<phrik>
<tomty89>
<tanj>
<hanDerPeder>
<hanDerPeder>
<hanDerPeder>
<tomty89>
<MrElendig>
<phrik>
<tomty89>
<phrik>
<hanDerPeder>
<tomty89>
<MrElendig>
<MrElendig>
<MrElendig>
<MrElendig>
<phrik>
<hanDerPeder>
<phrik>
<MrElendig>
<hanDerPeder>
<tomty89>
<tomty89>
<hanDerPeder>
<pid1>
<phrik>
<tomty89>
<tanj>
<tomty89>
<tomty89>
<hanDerPeder>
<phrik>
<tanj>
<tomty89>
<tanj>
<tanj>
<tanj>
<tomty89>
<Kaliiiixx>
<tomty89>
<hanDerPeder>
<hanDerPeder>
<hanDerPeder>
<sudokode>
<tomty89>
<tomty89>
<P67>
<Kaliiiixx>
<phrik>
<sudokode>
<tomty89>
<tomty89>
<Kaliiiixx>
<hanDerPeder>
<tomty89>
<sudokode>
<phrik>
<tomty89>
<phrik>
<superboot>
<sudokode>
<sudokode>
<Kaliiiixx>
<saivert>
<tomty89>
<phrik>
<chrysalis>
<sudokode>
<P67>
<tomty89>
<phrik>
<hanDerPeder>
<Strog>
<tomty89>
<phrik>
<tanj>
<tanj>
<tomty89>
<tomty89>
<superboot>
<tomty89>
<tanj>
<tanj>
<tomty89>
<tomty89>
<tomty89>
<tomty89>
<bellbreaker>
<bellbreaker>
<tanj>
<tomty89>
<tomty89>
<tomty89>
<s00pcan>
<BrainDamage>
<tomty89>
<saivert>
<BrainDamage>
<bellbreaker>
<tomty89>
<tomty89>
<jackdaniel>
<sudokode>
<sudokode>
<phrik>
<sudokode>
<sudokode>
<tomty89>
<phrik>
<tomty89>
<sudokode>
<sudokode>
<tomty89>
<sudokode>
<sudokode>
<sudokode>
<tomty89>
<phrik>
<sudokode>
<sudokode>
<sudokode>
<sudokode>
<guiburgueira>
<teraflop>
<sudokode>
<ailuj>
<sudokode>
<mirazi_heket>
<phrik>
<tomty89>
<teraflop>
<mirazi_heket>
<Tom^>
<Tom^>
<LMNOP__>
<sudokode>
<sudokode>
<Tom^>
<mirazi_heket>
<teraflop>
<sudokode>
<phrik>
<sudokode>
<phrik>
<tomty89>
<mirazi_heket>
<mirazi_heket>
<LMNOP__>
<tomty89>
<dagle>
<LMNOP__>
<tomty89>
<tomty89>
<LMNOP__>
<Tom^>
<dagle>
<dagle>
<tomty89>
<mirazi_heket>
<tomty89>
<mirazi_heket>
<LMNOP__>
<tomty89>
<dagle>
<dagle>
<dagle>
<mirazi_heket>
<dagle>
<mirazi_heket>
<tomty89>
<s00pcan>
<tomty89>
<r4sp>
<tomty89>
<phrik>
<grazzolini>
<grazzolini>
<sledgehammer>
<r4sp>
<tomty89>
<phrik>
<grazzolini>
<tomty89>
<grazzolini>
<r4sp>
<r4sp>
<tomty89>
<grazzolini>
<r4sp>
<r4sp>
<r4sp>
<r4sp>
<grazzolini>
<r4sp>
<phrik>
<r4sp>
<tomty89>
<r4sp>
<phrik>
<r4sp>
<r4sp>
<phrik>
<r4sp>
<SysGh0st>
<SysGh0st>
<SysGh0st>
<tomty89>
<SysGh0st>
<tomty89>
<Lirux>
<Lirux>
<tomty89>
<niel>
<niel>
<r4sp>
<niel>
<r4sp>
<tongcx>
<r4sp>
<r4sp>
<sudokode>
<s00pcan>
<sudokode>
<sudokode>
<sudokode>
<sudokode>
<phrik>
<s00pcan>
<sudokode>
<niel>
<s00pcan>
<sudokode>
<dagle>
<tomty89>
<cupantae>
<niel>
<grazzolini>
<niel>
<s00pcan>
<niel>
<grazzolini>
<niel>
<niel>
<sudokode>
<cupantae>
<r4sp>
<sudokode>
<Scimmia>
<pid1>
<s00pcan>
<s00pcan>
<niel>
<sudokode>
<phrik>
<niel>
<niel>
<sudokode>
<niel>
<pid1>
<SysGh0st>
<SysGh0st>
<sudokode>
<tomty89>
<niel>
<niel>
<tomty89>
<sudokode>
<s00pcan>
<sudokode>
<niel>
<sudokode>
<tomty89>
<sudokode>
<r4sp>
<sudokode>
<teraflop>
<sudokode>
<sudokode>
<s00pcan>
<niel>
<sudokode>
<niel>
<sudokode>
<sudokode>
<r4sp>
<sudokode>
<phrik>
<r4sp>
<tomty89>
<tomty89>
<tomty89>
<r4sp>
<r4sp>
<r4sp>
<tomty89>
<r4sp>
<r4sp>
<tomty89>
<tomty89>
<tomty89>
<r4sp>
<tomty89>
<r4sp>
<s00pcan>
<s00pcan>
<tomty89>
<tomty89>
<r4sp>
<r4sp>
<tomty89>
<cupantae>
<cupantae>
<holomorph>
<r4sp>
<phrik>
<r4sp>
<crendel>
<crendel>
<tomty89>
<halosghost>
<keenerd>
<tomty89>
<morning_star>
<keenerd>
<halosghost>
<vodik>
<r4sp>
<vodik>
<phrik>
<vodik>
<phrik>
<crendel>
<r4sp>
<crendel>
<tomty89>
<r4sp>
<tomty89>
<crendel>
<r4sp>
<r4sp>
<Namarrgon>
<tomty89>
<tomty89>
<holomorph>
<tomty89>
<Namarrgon>
<crendel>
<vodik>
<tomty89>
<phrik>
<vodik>
<crendel>
<crendel>
<vodik>
<tomty89>
<tomty89>
<r4sp>
<GodGinrai>
<r4sp>
<r4sp>
<tomty89>
<tomty89>
<ChrisWarrick>
<crendel>
<tomty89>
<tomty89>
<tomty89>
<keenerd>
<xace>
<r4sp>
<crendel>
<r4sp>
<tomty89>
<tomty89>
<r4sp>
<r4sp>
<crendel>
<tomty89>
<Namarrgon>
<Halfwit>
<holomorph>
<tomty89>
<r4sp>
<keenerd>
<tomty89>
<GodGinrai>
<r4sp>
<tomty89>
<phrik>
<tomty89>
<phrik>
<tomty89>
<tomty89>
<holomorph>
<GodGinrai>
<r4sp>
<keenerd>
<tomty89>
<grazzolini>
<tomty89>
<GodGinrai>
<phrik>
<Namarrgon>
<zatherz>
<holomorph>
<crendel>
<zatherz>
<zatherz>
<r4sp>
<r4sp>
<r4sp>
<tomty89>
<r4sp>
<r4sp>
<tomty89>
<r4sp>
<tomty89>
<r4sp>
<zatherz>
<r4sp>
<zatherz>
<zatherz>
<grazzolini>
<r4sp>
<tomty89>
<zatherz>
<r4sp>
<zatherz>
<sudokode>
<tomty89>
<zatherz>
<grazzolini>
<grazzolini>
<cupantae>
<tomty89>
<zatherz>
<tomty89>
<zatherz>
<zatherz>
<zatherz>
<cupantae>
<tomty89>
<zatherz>
<tomty89>
<zatherz>
<zatherz>
<zatherz>
<zatherz>
<tomty89>
<phrik>
<zatherz>
<zatherz>
<zatherz>
<cupantae>
<zatherz>
<zatherz>
<cupantae>
<cupantae>
<zatherz>
<zatherz>
<cupantae>
<zatherz>
<cupantae>
<zatherz>
<zatherz>
<tomty89>
<Trivia_Man>
<cupantae>
<zatherz>
<cupantae>
<zatherz>
<zatherz>
<zatherz>
<zatherz>
<zatherz>
<tomty89>
<zatherz>
<phrik>
<zatherz>
<zatherz>
<zatherz>
<Trivia_Man>
<phrik>
<Trivia_Man>
<zatherz>
<tomty89>
<holomorph>
<GodGinrai>
<holomorph>
<c0de1>
<Trivia_Man>
<zatherz>
<zatherz>
<c0de1>
<zatherz>
<grazzolini>
<GodGinrai>
<Namarrgon>
<GodGinrai>
<grazzolini>
<zatherz>
<tomty89>
<c0de1>
<GodGinrai>
<zatherz>
<Namarrgon>
<GodGinrai>
<zatherz>
<c0de1>
<zatherz>
<c0de1>
<tomty89>
<GodGinrai>
<Trivia_Man>
<Namarrgon>
<c0de1>
<GodGinrai>
<phrik>
<Earnestly>
<phrik>
<zatherz>
<_mel_>
<Earnestly>
<phrik>
<tomty89>
<zatherz>
<zatherz>
<zatherz>
<zatherz>
<tomty89>
<zatherz>
<c0de1>
<Earnestly>
<zatherz>
<grazzolini>
<tomty89>
<tomty89>
<det>
<Namarrgon>
<_mel_>
<phrik>
<tomty89>
<c0de1>
<Namarrgon>
<c0de1>
<tomty89>
<det>
<Namarrgon>
<c0de1>
<phrik>
<tomty89>
<Namarrgon>
<c0de1>
<tomty89>
<Namarrgon>
<c0de1>
<phrik>
<tomty89>
<tomty89>
<tomty89>
<Namarrgon>
<Namarrgon>
<c0de1>
<c0de1>
<phrik>
<Namarrgon>
<c0de1>
<tomty89>
<Namarrgon>
<tomty89>
<c0de1>
<tomty89>
<c0de1>
<s00pcan>
<Namarrgon>
<tomty89>
<c0de1>
<c0de1>
<Namarrgon>
<phrik>
<Tom^>
<tomty89>
<phrik>
<tomty89>
<c0de1>
<Namarrgon>
<Namarrgon>
<c0de1>
<c0de1>
<Namarrgon>
<c0de1>
<Namarrgon>
<c0de1>
<s00pcan>
<s00pcan>
<c0de1>
<Namarrgon>
<tomty89>
<zatherz>
<Namarrgon>
<c0de1>
<cork_>
<cork_>
<lebenserfahrung>
<s00pcan>
<ThatNewGuy>
<lebenserfahrung>
<s00pcan>
<c0de1>
<wasamasa>
<c0de1>
<lebenserfahrung>
<s00pcan>
<wasamasa>
<s00pcan>
<Namarrgon>
<c0de1>
<c0de1>
<ThatNewGuy>
<Namarrgon>
<tomty89>
<wasamasa>
<c0de1>
<phrik>
<tomty89>
<Scimmia>
<Namarrgon>
<c0de1>
<Caleb>
<tomty89>
<Scimmia>
<wasamasa>
<Scimmia>
<tomty89>
<ThatNewGuy>
<phrik>
<wasamasa>
<Scimmia>
<wasamasa>
<tomty89>
<ThatNewGuy>
<s00pcan>
<tomty89>
<s00pcan>
<zatherz>
<zatherz>
<s00pcan>
<zatherz>
<tomty89>
<phrik>
<phrik>
<tomty89>
<phrik>
<s00pcan>
<zatherz>
<c0de1>
<zatherz>
<c0de1>
<c0de1>
<tomty89>
<niel>
<s00pcan>
<tomty89>
<zatherz>
<niel>
<niel>
<tomty89>
<zatherz>
<Scimmia>
<tomty89>
<zatherz>
<niel>
<niel>
<tomty89>
<zatherz>
<tomty89>
<tomty89>
<phrik>
<tomty89>
<phrik>
<tomty89>
<zatherz>
<tomty89>
<tomty89>
<tomty89>
<s00pcan>
<niel>
<s00pcan>
<teraflop>
<niel>
<teraflop>
<tomty89>
<teraflop>
<niel>
<tomty89>
<niel>
<tomty89>
<tomty89>
<Scimmia>
<homerj>
<niel>
<niel>
<zatherz>
<tomty89>
<niel>
<zatherz>
<zatherz>
<homerj>
<Tom^>
<niel>
<Tom^>
<niel>
<niel>
<Scimmia>
<tomty89>
<phrik>
<zatherz>
<tomty89>
<phrik>
<tomty89>
<zatherz>
<Scimmia>
<zatherz>
<niel>
<zatherz>
<niel>
<zatherz>
<Scimmia>
<Tom^>
<Scimmia>
<tomty89>
<Tom^>
<homerj>
<niel>
<niel>
<homerj>
<tomty89>
<Scimmia>
<zatherz>
<tomty89>
<niel>
<zatherz>
<Tom^>
<Tom^>
<niel>
<Tom^>
<homerj>
<tomty89>
<Scimmia>
<zatherz>
<zatherz>
<zatherz>
<tomty89>
<Buggy2k>
<niel>
<zatherz>
<diego_>
<tomty89>
<niel>
<niel>
<Tom^>
<diegoviola>
<zatherz>
<niel>
<homerj>
<Scimmia>
<homerj>
<niel>
<zatherz>
<homerj>
<Scimmia>
<tomty89>
<Scimmia>
<tomty89>
<niel>
<tomty89>
<homerj>
<homerj>
<MichaelP>
<tomty89>
<tomty89>
<tomty89>
<Buggy2k>
<homerj>
<MichaelP>
<tomty89>
<tomty89>
<MichaelP>
<tomty89>
<homerj>
<c0de1>
<tomty89>
<c0de1>
<MichaelP>
<tomty89>
<tomty89>
<Zimi>
<tomty89>
<tomty89>
<homerj>
<MichaelP>
<Zimi>
<Namarrgon>
<Namarrgon>
<MichaelP>
<Buggy2k>
<Namarrgon>
<tomty89>
<Namarrgon>
<MichaelP>
<tomty89>
<homerj>
<homerj>
<homerj>
<homerj>
<homerj>
<Buggy2k>
<wasamasa>
<wasamasa>
<Buggy2k>
<Tom^>
<Tom^>
<Namarrgon>
<Buggy2k>
<Tom^>
<Buggy2k>
<Tom^>
<DogPolice>
<Drugo>
<DogPolice>
<DogPolice>
<tomty89>
<Drugo>
<xkonni>
<phrik>
<xkonni>
<niel>
<homerj>
<niel>
<niel>
<niel>
<homerj>
<homerj>
<Namarrgon>
<tomty89>
<tomty89>
<tomty89>
<homerj>
<tomty89>
<homerj>
<homerj>
<homerj>
<homerj>
<tomty89>
<homerj>
<tomty89>
<tomty89>
<homerj>
<homerj>
<homerj>
<niel>
<homerj>
<Namarrgon>
<TylerDurden01>
<Namarrgon>
<Tom^>
<tomty89>
<phrik>
<TylerDurden01>
<Namarrgon>
<TylerDurden01>
<TylerDurden01>
<Tom^>
<Tom^>
<phrik>
<Tom^>
<SirCmpwn>
<phrik>
<Namarrgon>
<SirCmpwn>
<SirCmpwn>
<Namarrgon>
<phrik>
<SirCmpwn>
<SirCmpwn>
<Jesin>
<Jesin>
<SirCmpwn>
<Jesin>
<Jesin>
<jackdaniel>
<holomorph>
<slipsnode>
<Jesin>
<SysGh0st>
<jackdaniel>
<Namarrgon>
<SysGh0st>
<SysGh0st>
<holomorph>
<jackdaniel>
<Namarrgon>
<jdahm>
<TylerDurden01>
<SysGh0st>
<vodik>
<vodik>
<TylerDurden01>
<holomorph>
<jdahm>
<TylerDurden01>
<SysGh0st>
<holomorph>
<Anonymauz>
<holomorph>
<Anonymauz>
<spareproject>
<Anonymauz>
<SysGh0st>
<vodik>
<tomty89>
<phrik>
<esc_type>
<Anonymauz>
<vodik>
<jdahm>
<SysGh0st>
<TylerDurden01>
<vodik>
<commeilfaut>
<vodik>
<jdahm>
<Anonymauz>
<vodik>
<jdahm>
<commeilfaut>
<jdahm>
<vodik>
<vodik>
<jdahm>
<jdahm>
<vodik>
<Anonymauz>
<vodik>
<phrik>
<SysGh0st>
<vodik>
<Anonymauz>
<jdahm>
<vodik>
<vodik>
<vodik>
<homerj>
<homerj>
<jdahm>
<vodik>
<vodik>
<dacoit>
<commeilfaut>
<vodik>
<vodik>
<vodik>
<vodik>
<dacoit>
<TylerDurden01>
<Anonymauz>
<vodik>
<vodik>
<commeilfaut>
<Jesin>
<vodik>
<Anonymauz>
<vodik>
<jdahm>
<vodik>
<jdahm>
<noremi>
<commeilfaut>
<vodik>
<commeilfaut>
<homerj>
<homerj>
<homerj>
<TylerDurden01>
<vodik>
<c0deweaver>
<Tom^>
<vodik>
<Tom^>
<vodik>
<vodik>
<vodik>
<vodik>
<TylerDurden01>
<Tom^>
<Tom^>
<vodik>
<Tom^>
<dacoit>
<vodik>
<vodik>
<vodik>
<vodik>
<homerj>
<noremi>
<holomorph>
<Tom^>
<KrzaQ>
<dacoit>
<noremi>
<holomorph>
<Tom^>
<Tom^>
<commeilfaut>
<commeilfaut>
<Flavianus>
<dacoit>
<tomty89>
<holomorph>
<Tom^>
<Tom^>
<homerj>
<homerj>
<infandum>
<noremi>
<holomorph>
<phrik>
<noremi>
<phrik>
<Tom^>
<arojas>
<noremi>
<holomorph>
<Tom^>
<dacoit>
<jelle>
<noremi>
<dacoit>
<noremi>
<noremi>
<dacoit>
<vodik>
<vodik>
<Flavianus>
<Flavianus>
<Arch-TK>
<Arch-TK>
<Arch-TK>
<holomorph>
<Arch-TK>
<Arch-TK>
<holomorph>
<vodik>
<vodik>
<vodik>
<vodik>
<infandum>
<vodik>
<vodik>
<vodik>
<arojas>
<vodik>
<infandum>
<Arch-TK>
<Arch-TK>
<Arch-TK>
<tomty89>
<arojas>
<dacoit>
<Tom^>
<Arch-TK>
<phrik>
<xexaxo>
<vodik>
<Arch-TK>
<vodik>
<Arch-TK>
<tomty89>
<vodik>
<infandum>
<tomty89>
<tomty89>
<tomty89>
<tomty89>
<arojas>
<phrik>
<Arch-TK>
<Arch-TK>
<Tom^>
<Arch-TK>
<Tom^>
<tomty89>
<Arch-TK>
<tomty89>
<Arch-TK>
<Tom^>
<Arch-TK>
<Tom^>
<xexaxo>
<Tom^>
<infandum>
<Arch-TK>
<Arch-TK>
<niel>
<Tom^>
<niel>
<vodik>
<vodik>
<Arch-TK>
<Tom^>
<vodik>
<Arch-TK>
<Arch-TK>
<Tom^>
<vodik>
<Arch-TK>
<dacoit>
<dacoit>
<Tom^>
<vodik>
<dacoit>
<phrik>
<Arch-TK>
<lebenserfahrung>
<Tom^>
<Arch-TK>
<phrik>
<Arch-TK>
<dagle>
<dacoit>
<Arch-TK>
<phrik>
<Tom^ty89>
<Tom^>
<xexaxo>
<dacoit>
<Tom^>
<Tom^ty89>
<Tom^>
<Tom^ty89>
<dacoit>
<dacoit>
<Flavianus>
<dacoit>
<Flavianus>
<Arch-TK>
<holomorph>
<Arch-TK>
<Flavianus>
<xexaxo>
<dacoit>
<vodik>
<vodik>
<phrik>
<dacoit>
<vodik>
<Flavianus>
<tomty89>
<tomty89>
<tomty89>
<vodik>
<dacoit>
<tomty89>
<mehlon>
<dacoit>
<Hwkiller>
<Tom^>
<grawity>
<Flavianus>
<Hwkiller>
<Tom^>
<Tom^>
<Flavianus>
<Hwkiller>
<niel>
<niel>
<Hwkiller>
<tomty89>
<dacoit>
<arojas>
<GodGinrai>
<tomty89>
<tomty89>
<Hwkiller>
<Earnestly>
<tomty89>
<tomty89>
<dacoit>
<Tom^>
<Tom^>
<Tom^>
<dacoit>
<dacoit>
<s00pcan>
<tomty89>
<Tom^>
<grawity>
<GodGinrai>
<dacoit>
<Tom^>
<grawity>
<tomty89>
<s00pcan>
<s00pcan>
<GodGinrai>
<GodGinrai>
<GodGinrai>
<Tom^>
<Tom^>
<tomty89>
<GodGinrai>
<Tom^>
<GodGinrai>
<dacoit>
<dacoit>
<Arch-TK>
<dacoit>
<dacoit>
<Arch-TK>
<Arch-TK>
<Arch-TK>
<Tom^>
<Tom^>
<grawity>
<arojas>
<Arch-TK>
<arojas>
<Arch-TK>
<tomty89>
<s00pcan>
<s00pcan>
<GodGinrai>
<Arch-TK>
<s00pcan>
<GodGinrai>
<GodGinrai>
<Arch-TK>
<s00pcan>
<Wildefyr>
<Arch-TK>
<Arch-TK>
<phrik>
<Arch-TK>
<Wildefyr>
<Wildefyr>
<Wildefyr>
<Arch-TK>
<Arch-TK>
<Wildefyr>
<s00pcan>
<Namarrgon>
<s00pcan>
<Wildefyr>
<s00pcan>
<Arch-TK>
<Arch-TK>
<Wildefyr>
<s00pcan>
<s00pcan>
<FreezingCold>
<grawity>
<dacoit>
<dacoit>
<Arch-TK>
<Arch-TK>
<Arch-TK>
<s00pcan>
<homerj>
<bougyman>
<hiptobecubic>
<bougyman>
<zatherz>
<dacoit>
<Arch-TK>
<SysGh0st>
<zatherz>
<zatherz>
<s00pcan>
<zatherz>
<zatherz>
<zatherz>
<zatherz>
<Namarrgon>
<zatherz>
<zatherz>
<openfbtd>
<grawity>
<Namarrgon>
<openfbtd>
<zatherz>
<Namarrgon>
<zatherz>
<zatherz>
<zatherz>
<zatherz>
<openfbtd>
<zatherz>
<openfbtd>
<zatherz>
<zatherz>
<zatherz>
<gabriel9>
<zatherz>
<gabriel9>
<zatherz>
<zatherz>
<openfbtd>
<openfbtd>
<openfbtd>
<zatherz>
<zatherz>
<Namarrgon>
<zatherz>
<zatherz>
<zatherz>
<zatherz>
<Namarrgon>
<Namarrgon>
<zatherz>
<zatherz>
<zatherz>
<zatherz>
<zatherz>
<Namarrgon>
<zatherz>
<zatherz>
<Namarrgon>
<zatherz>
<zatherz>
<zatherz>
<zatherz>
<Namarrgon>
<ack006>
<phrik>
<zatherz>
<zatherz>
<Namarrgon>
<zatherz>
<ack006>
<zatherz>
<zatherz>
<Namarrgon>
<ack006>
<zatherz>
<zatherz>
<zatherz>
<ack006>
<zatherz>
<zatherz>
<zatherz>
<dacoit>
<zatherz>
<zatherz>
<ack006>
<zatherz>
<zatherz>
<zatherz>
<zatherz>
<ekkelett>
<zatherz>
<zatherz>
<zatherz>
<grawity>
<zatherz>
<Namarrgon>
<zatherz>
<ack006>
<ack006>
<kelnoky>
<kelnoky>
<kelnoky>
<kelnoky>
<zatherz>
<zatherz>
<zatherz>
<s00pcan>
<zatherz>
<zatherz>
<zatherz>
<hillna>
<zatherz>
<zatherz>
<Alexwall>
<zatherz>
<bellbreaker>
<zatherz>
<zatherz>
<zatherz>
<zatherz>
<dacoit>
<zatherz>
<ack006>
<diegoviola>
<diegoviola>
<s00pcan>
<zatherz>
<zatherz>
<zatherz>
<zatherz>
<Junka>
<Junka>
<zatherz>
<zatherz>
<dacoit>
<Junka>
<zatherz>
<zatherz>
<zatherz>
<Junka>
<phrik>
<Junka>
<Junka>
<zatherz>
<zatherz>
<zatherz>
<zatherz>
<Junka>
<zatherz>
<Junka>
<zatherz>
<Junka>
<zatherz>
<zatherz>
<zatherz>
<bougyman>
<bougyman>
<KrzaQ>
<ldk>
<escondida>
<escondida>
<KrzaQ>
<ldk>
<zatherz>
<KrzaQ>
<ldk>
<phrik>
<d_garbage>
<escondida>
<phrik>
<ldk>
<d_garbage>
<KrzaQ>
<ldk>
<d_garbage>
<KrzaQ>
<KrzaQ>
<pid1>
<escondida>
<KrzaQ>
<d_garbage>
<d_garbage>
<Junka>
<ldk>
<Junka>
<d_garbage>
<s00pcan>
<s00pcan>
<Junka>
<d_garbage>
<pid1>
<ring0>
<d_garbage>
<d_garbage>
<s00pcan>
<zatherz>
<zatherz>
<pid1>
<zatherz>
<zatherz>
<Junka>
<teraflop>
<al2o3-cr>
<zatherz>
<pid1>
<zatherz>
<pid1>
<zatherz>
<escondida>
<phrik>
<s00pcan>
<escondida>
<Junka>
<Junka>
<escondida>
<teraflop>
<Junka>
<teraflop>
<zatherz>
<zatherz>
<al2o3-cr>
<escondida>
<Junka>
<diegoviola>
<escondida>
<al2o3-cr>
<escondida>
<zatherz>
<zatherz>
<kelnoky>
<Arch-TK>
<zatherz>
<escondida>
<diegoviola>
<zatherz>
<Junka>
<Arch-TK>
<zatherz>
<zatherz>
<KrzaQ>
<Junka>
<Arch-TK>
<phrik>
<zatherz>
<zatherz>
<KrzaQ>
<KrzaQ>
<Junka>
<KrzaQ>
<zatherz>
<zatherz>
<KrzaQ>
<diegoviola>
<KrzaQ>
<KrzaQ>
<KrzaQ>
<ring0>
<phrik>
<zatherz>
<teraflop>
<zatherz>
<zatherz>
<flaviu>
<escondida>
<d_garbage>
<escondida>
<s00pcan>
<KrzaQ>
<d_garbage>
<KrzaQ>
<flaviu>
<teraflop>
<d_garbage>
<s00pcan>
<zatherz>
<zatherz>
<s00pcan>
<ring0>
<ring0>
<pid1>
<KrzaQ>
<pid1>
<Junka>
<homerj>
<flaviu>
<pid1>
<zatherz>
<KrzaQ>
<zatherz>
<d_garbage>
<pid1>
<zatherz>
<flaviu>
<flaviu>
<flaviu>
<zatherz>
<zatherz>
<q9>
<teraflop>
<SysGh0st>
<ring0>
<Namarrgon>
<Junka>
<flaviu>
<s00pcan>
<ring0>
<escondida>
<escondida>
<flaviu>
<al2o3-cr>
<SysGh0st>
<ring0>
<sudokode>
<q9>
<xyproto>
<zatherz>
<zatherz>
<zatherz>
<zatherz>
<zatherz>
<pid1>
<Junka>
<zatherz>
<zatherz>
<zatherz>
<escondida>
<teraflop>
<Junka>
<sudokode>
<teraflop>
<flaviu>
<ring0>
<SysGh0st>
<phrik>
<flaviu>
<escondida>
<zatherz>
<zatherz>
<phrik>
<s00pcan>
<zatherz>
<zatherz>
<Junka>
<zatherz>
<zatherz>
<zatherz>
<teraflop>
<SysGh0st>
<ring0>
<Junka>
<zatherz>
<Junka>
<escondida>
<zatherz>
<zatherz>
<zatherz>
<Namarrgon>
<teraflop>
<zatherz>
<Junka>
<teraflop>
<zatherz>
<zatherz>
<ring0>
<zatherz>
<zatherz>
<zatherz>
<zatherz>
<zatherz>
<sudokode>
<flaviu>
<ring0>
<Junka>
<sudokode>
<zatherz>
<zatherz>
<zatherz>
<zatherz>
<zatherz>
<flaviu>
<Junka>
<SysGh0st>
<escondida>
<zatherz>
<zatherz>
<zatherz>
<Earnestly>
<escondida>
<zatherz>
<zatherz>
<escondida>
<escondida>
<zatherz>
<Earnestly>
<Junka>
<zatherz>
<zatherz>
<dacoit>
<teraflop>
<escondida>
<zatherz>
<Earnestly>
<dacoit>
<Junka>
<escondida>
<Junka>
<dacoit>
<zatherz>
<zatherz>
<Earnestly>
<Earnestly>
<zatherz>
<dacoit>
<Earnestly>
<teraflop>
<zatherz>
<SysGh0st>
<zatherz>
<Earnestly>
<dagle>
<sudokode>
<sudokode>
<sudokode>
<pid1>
<d_garbage>
<Junka>
<sudokode>
<dacoit>
<sudokode>
<SysGh0st>
<Kenny164>
<d_garbage>
<sudokode>
<dacoit>
<sudokode>
<dacoit>
<sudokode>
<Namarrgon>
<escondida>
<phrik>
<Junka>
<dacoit>
<Kenny164>
<phrik>
<Namarrgon>
<sudokode>
<d_garbage>
<phrik>
<backnforth>
<Kenny164>
<sudokode>
<dacoit>
<d_garbage>
<phrik>
<Kenny164>
<d_garbage>
<d_garbage>
<Junka>
<Junka>
<sudokode>
<d_garbage>
<Earnestly>
<sudokode>
<Earnestly>
<Junka>
<Earnestly>
<sudokode>
<sudokode>
<sudokode>
<Junka>
<sudokode>
<sudokode>
<Kenny164>
<sudokode>
<sudokode>
<Junka>
<phrik>
<Junka>
<Junka>
<Earnestly>
<sudokode>
<sudokode>
<sudokode>
<toogy>
<sudokode>
<Halfwit>
<sudokode>
<Halfwit>
<Kenny164>
<sudokode>
<sudokode>
<Junka>
<Halfwit>
<sudokode>
<Halfwit>
<escondida>
<escondida>
<escondida>
<dacoit>
<sudokode>
<phrik>
<sudokode>
<billybigrigger>
<billybigrigger>
<Kenny164>
<Halfwit>
<sudokode>
<billybigrigger>
<Earnestly>
<Earnestly>
<Junka>
<escondida>
<Halfwit>
<Junka>
<phrik>
<Junka>
<Junka>
<escondida>
<escondida>
<bougyman>
<dacoit>
<SysGh0st>
<Junka>
<nixnerd>
<bougyman>
<escondida>
<bougyman>
<Earnestly>
<dacoit>
<bougyman>
<Earnestly>
<SysGh0st>
<bougyman>
<dacoit>
<bougyman>
<ring0>
<bougyman>
<Jesin>
<Earnestly>
<bougyman>
<dacoit>
<bougyman>
<Junka>
<ring0>
<pid1>
<Earnestly>
<dacoit>
<ring0>
<bougyman>
<bougyman>
<bougyman>
<bougyman>
<bougyman>
<dacoit>
<bougyman>
<bougyman>
<Jesin>
<Junka>
<bougyman>
<bougyman>
<dacoit>
<Junka>
<Jesin>
<Junka>
<bougyman>
<Jesin>
<Jesin>
<bougyman>
<Jesin>
<bougyman>
<bougyman>
<bougyman>
<Jesin>
<Jesin>
<diegoviola>
<Jesin>
<pid1>
<phrik>
<bougyman>
<Earnestly>
<shardish>
<Jesin>
<ring0>
<escondida>
<escondida>
<Earnestly>
<toogy>
<Jesin>
<ring0>
<Earnestly>
<shardish>
<Earnestly>
<ring0>
<Rena>
<phrik>
<Earnestly>
<escondida>
<Rena>
<shardish>
<Rena>
<pid1>
<Rena>
<escondida>
<Rena>
<billybigrigger>
<escondida>
<billybigrigger>
<Rena>
<Namarrgon>
<pid1>
<pid1>
<Rena>
<ring0>
<pid1>
<pid1>
<escondida>
<Rena>
<Rena>
<Rena>
<pid1>
<Rena>
<pid1>
<pid1>
<phrik>
<Rena>
<billybigrigger>
<toogy>
<billybigrigger>
<billybigrigger>
<shardish>
<sudokode>
<sudokode>
<Jesin>
<Jesin>
<billybigrigger>
<pid1>
<sudokode>
<billybigrigger>
<billybigrigger>
<sudokode>
<sudokode>
<billybigrigger>
<sudokode>
<billybigrigger>
<billybigrigger>
<sudokode>
<shardish>
<billybigrigger>
<sudokode>
<billybigrigger>
<Earnestly>
<sudokode>
<sudokode>
<Earnestly>
<Earnestly>
<Jesin>
<Jesin>
<GT1>
<sudokode>
<sudokode>
<phrik>
<Earnestly>
<sudokode>
<sudokode>
<shardish>
<GT1>
<shardish>
<Earnestly>
<GT1>
<maltray>
<noremi>
<noremi>
<maltray>
<noremi>
<maltray>
<maltray>
<maltray>
<noremi>
<GT1>
<electricprism>
<maltray>
<electricprism>
<phrik>
<noremi>
<noremi>
<dacoit>
<noremi>
<phrik>
<GT1>
<noremi>
<maltray>
<dacoit>
<maltray>
<noremi>
<maltray>
<Namarrgon>
<GT1>
<noremi>
<dacoit>
<maltray>
<GT1>
<noremi>
<noremi>
<dacoit>
<maltray>
<GT1>
<maltray>
<dacoit>
<GT1>
<dacoit>
<GT1>
<maltray>
<brookskd>
<noremi>
<GT1>
<maltray>
<knight_corvi>
<Jesin>
<knight_corvi>
<crazedpsyc>
<crazedpsyc>
<knight_corvi>
<crazedpsyc>
<noremi>
<j0hw0lf>
<knight_corvi>
<knight_corvi>
<GT1>
<j0hw0lf>
<knight_corvi>
<sudokode>
<noremi>
<noremi>
<sudokode>
<phrik>
<GT1>
<j0hw0lf>
<maltray>
<phrik>
<j0hw0lf>
<noremi>
<Jesin>
<Jesin>
<noremi>
<Jesin>
<noremi>
<GT1>
<Jesin>
<GT1>
<noremi>
<noremi>
<GT1>
<noremi>
<GT1>
<d_garbage>
<knight_corvi>
<Jesin>
<knight_corvi>
<Jesin>
<knight_corvi>
<lswart>
<lswart>
<phrik>
<GT1>
<GT1>
<Jesin>
<noremi>
<Jesin>
<crazedpsyc>
<crazedpsyc>
<sudokode>
<sudokode>
<sudokode>
<sudokode>
<GT1>
<sudokode>
<Jesin>
<phrik>
<sudokode>
<noremi>
<noremi>
<sudokode>
<GT1>
<Jesin>
<nixnerd>
<noremi>
<GT1>
<noremi>
<phrik>
<GT1>
<knight_corvi>
<crazedpsyc>
<knight_corvi>
<nixnerd>
<Jesin>
<knight_corvi>
<crazedpsyc>
<noremi>
<crazedpsyc>
<crazedpsyc>
<nixnerd>
<knight_corvi>
<crazedpsyc>
<knight_corvi>
<knight_corvi>
<Jesin>
<teraflop>
<Jesin>
<Namarrgon>
<Jesin>
<nixnerd>
<Jesin>
<Encapsulate>
<Encapsulate>
<crazedpsyc>
<crazedpsyc>
<Namarrgon>
<Jesin>
<knight_corvi>
<Jesin>
<noremi>
<Encapsulate>
<noremi>
<Namarrgon>
<Namarrgon>
<Encapsulate>
<Encapsulate>
<Jesin>
<GT1>
<Jesin>
<phrik>
<knight_corvi>
<Jesin>
<crazedpsyc>
<Jesin>
<crazedpsyc>
<billybigrigger>
<phrik>
<jushur>
<billybigrigger>
<knight_corvi>
<phrik>
<Jesin>
<crazedpsyc>
<Namarrgon>
<knight_corvi>
<noremi>
<billybigrigger>
<Namarrgon>
<billybigrigger>
<billybigrigger>
<GT1>
<dacoit>
<teraflop>
<noremi>
<Jesin>
<GT1>
<Jesin>
<noremi>
<Jesin>
<noremi>
<Jesin>
<Jesin>
<noremi>
<GT1>
<noremi>
<nixnerd>
<Jesin>
<Jesin>
<Jesin>
<teraflop>
<GT1>
<nixnerd>
<GT1>
<teraflop>
<akiva>
<akiva>
<akiva>
<Jesin>
<Jesin>
<Hum-mus>
<Hum-mus>
<Jesin>
<Hum-mus>
<Hum-mus>
<Hum-mus>
<balrog>
<Hum-mus>
<Hum-mus>
<Hum-mus>
<Jesin>
<Hum-mus>
<Hum-mus>
<descrip>
<Hum-mus>
<noremi>
<Rena>
<Hum-mus>
<Hum-mus>
<Hum-mus>
<Rena>
<jasonwryan>
<Rena>
<phrik>
<noremi>
<Jesin>
<jasonwryan>
<descrip>
<Hum-mus>
<akiva>
<Hum-mus>
<noremi>
<akiva>
<Hum-mus>
<Hum-mus>
<Hum-mus>
<Jesin>
<akiva>
<Jesin>
<noremi>
<phrik>
<d_garbage>
<phrik>
<noremi>
<akiva>
<noremi>
<d_garbage>
<d_garbage>
<descrip>
<AbrarSyed>
<ox33>
<akiva>
<akiva>
<akiva>
<blt>
<phrik>
<JZA>
<JZA>
<akiva>
<GT1>
<noremi>
<noremi>
<akiva>
<GT1>
<akiva>
<akiva>
<ox33>
<akiva>
<akiva>
<ox33>
<akiva>
<d_garbage>
<akiva>
<ox33>
<d_garbage>
<akiva>
<ox33>
<sudokode>
<d_garbage>
<d_garbage>
<phrik>
<akiva>
<d_garbage>
<akiva>
<ox33>
<sudokode>
<d_garbage>
<akiva>
<noremi>
<phrik>
<d_garbage>
<d_garbage>
<ox33>
<sudokode>
<akiva>
<sudokode>
<d_garbage>
<akiva>
<ox33>
<d_garbage>
<akiva>
<sudokode>
<phrik>
<ox33>
<escondida>
<Jesin>
<sudokode>
<escondida>
<ox33>
<akiva>
<d_garbage>
<sudokode>
<sudokode>
<sudokode>
<sudokode>
<sudokode>
<sudokode>
<escondida>
<Rena>
<Rena>
<blt>
<sudokode>
<blt>
<sudokode>
<d_garbage>
<escondida>
<ox33>
<sudokode>
<sudokode>
<Jesin>
<sudokode>
<sudokode>
<d_garbage>
<sudokode>
<dacoit>
<sudokode>
<sudokode>
<sudokode>
<sudokode>
<dacoit>
<sudokode>
<sudokode>
<Jesin>
<sudokode>
<ox33>
<Jesin>
<Jesin>
<sudokode>
<Jesin>
<sudokode>
<Jesin>
<sudokode>
<sudokode>
<sudokode>
<dacoit>
<dexter>
<dexter>
<ox33>
<Jesin>
<coolthingy500>
<dexter>
<sudokode>
<sudokode>
<dexter>
<sudokode>
<dexter>
<sudokode>
<escondida>
<d_garbage>
<d_garbage>
<phrik>
<dacoit>
<coolthingy500>
<dexter>
<sudokode>
<dacoit>
<d_garbage>
<ox33>
<phrik>
<sudokode>
<coolthingy500>
<sudokode>
<coolthingy500>
<escondida>
<Jesin>
<phrik>
<sudokode>
<escondida>
<sudokode>
<coolthingy500>
<dexter>
<sudokode>
<phrik>
<ox33>
<sudokode>
<dexter>
<noremi>
<sudokode>
<escondida>
<sudokode>
<d_garbage>
<sudokode>
<escondida>
<escondida>
<dexter>
<sudokode>
<coolthingy500>
<dexter>
<sudokode>
<dacoit>
<sudokode>
<escondida>
<d_garbage>
<sudokode>
<Jesin>
<dacoit>
<sudokode>
<sudokode>
<escondida>
<sudokode>
<sudokode>
<phrik>
<dexter>
<dexter>
<sudokode>
<dacoit>
<coolthingy500>
<dexter>
<coolthingy500>
<sudokode>
<sudokode>
<escondida>
<Jesin>
<d_garbage>
<phrik>
<dexter>
<coolthingy500>
<Jesin>
<dexter>
<dexter>
<Jesin>
<jones_>
<phrik>
<dacoit>
<dexter>
<escondida>
<codebam>
<escondida>
<codebam>
<escondida>
<codebam>
<escondida>
<coolthingy500>
<codebam>
<escondida>
<codebam>
<coolthingy500>
<escondida>
<dacoit>
<codebam>
<zer0rest>
<escondida>
<ailuj>
<dacoit>
<codebam>
<codebam>
<escondida>
<escondida>
<dacoit>
<codebam>
<coolthingy500>
<escondida>
<codebam>
<coolthingy500>
<codebam>
<codebam>
<escondida>
<codebam>
<escondida>
<coolthingy500>
<coolthingy500>
<codebam>
<escondida>
<dacoit>
<codebam>
<codebam>
<coolthingy500>
<codebam>
<coolthingy500>
<coolthingy500>
<coolthingy500>
<coolthingy500>
<escondida>
<escondida>
<phrik>
<dacoit>
<dacoit>
<coolthingy500>
<codebam>
<sheep>
<sudokode>
<sheep>
<sheep>
<codebam>
<codebam>
<sheep>
<coolthingy500>
<coolthingy500>
<codebam>
<dacoit>
<coolthingy500>
<coolthingy500>
<coolthingy500>
<codebam>
<codebam>
<codebam>
<coolthingy500>
<codebam>
<coolthingy500>
<codebam>
<homerj>
<codebam>
<codebam>
<sheep>
<sheep>
<zer0rest>
<coolthingy500>
<homerj>
<homerj>
<zer0rest>
<coolthingy500>
<codebam>
<zer0rest>
<codebam>
<sheep>
<sheep>
<sheep>
<azalus88>
<sheep>
<codebam>
<sheep>
<sheep>
<codebam>
<codebam>
<sheep>
<codebam>
<sheep>
<codebam>
<azalus88>
<lyonsb>
<phrik>
<codebam>
<sheep>
<sheep>
<azalus88>
<azalus88>
<d_garbage>
<sheep>
<noremi>
<sheep>
<noremi>
<azalus88>
<Phreakachu>
<d1etyd3vil>
<Phreakachu>
<Phreakachu>
<codebam>
<noremi>
<sheep>
<codebam>
<d1etyd3vil>
<sudokode>
<sheep>
<sudokode>
<sudokode>
<codebam>
<sudokode>
<sudokode>
<noremi>
<sudokode>
<codebam>
<sheep>
<codebam>
<codebam>
<sheep>
<d_garbage>
<sheep>
<sheep>
<sudokode>
<d_garbage>
<codebam>
<Celti>
<sudokode>
<sudokode>
<sheep>
<codebam>
<sheep>
<Celti>
<sudokode>
<codebam>
<codebam>
<sheep>
<codebam>
<codebam>
<sudokode>
<codebam>
<sudokode>
<Celti>
<codebam>
<sheep>
<Celti>
<codebam>
<sheep>
<Celti>
<sheep>
<sheep>
<sudokode>
<noremi>
<sheep>
<Celti>
<Celti>
<sudokode>
<Celti>
<sheep>
<Celti>
<sheep>
<darkhalo>
<sudokode>
<Celti>
<sudokode>
<crendel>
<Celti>
<crendel>
<darkhalo>
<sudokode>
<sudokode>
<sudokode>
<sudokode>
<wheatthins>
<Celti>
<sheep>
<sudokode>
<wheatthins>
<sudokode>
<wheatthins>
<sudokode>
<wheatthins>
<sudokode>
<darkhalo>
<sudokode>
<sudokode>
<sudokode>
<phrik>
<codebam>
<noremi>
<codebam>
<codebam>
<noremi>
<wheatthins>
<wheatthins>
<sudokode>
<codebam>
<sudokode>
<wheatthins>
<sudokode>
<sudokode>
<noremi>
<wheatthins>
<sudokode>
<codebam>
<sudokode>
<wheatthins>
<noremi>
<noremi>
<noremi>
<wheatthins>
<wheatthins>
<wheatthins>
<codebam>
<wheatthins>
<codebam>
<noremi>
<noremi>
<sheep>
<wheatthins>
<noremi>
<wheatthins>
<codebam>
<codebam>
<noremi>
<wheatthins>
<sheep>
<wheatthins>
<codebam>
<noremi>
<sheep>
<codebam>
<wheatthins>
<codebam>
<wheatthins>
<wheatthins>
<noremi>
<noremi>
<Celti>
<sheep>
<codebam>
<codebam>
<phrik>
<wheatthins>
<noremi>
<wheatthins>
<noremi>
<wheatthins>
<noremi>
<noremi>
<wheatthins>
<sheep>
<wheatthins>
<wheatthins>
<codebam>
<noremi>
<wheatthins>
<wheatthins>
<noremi>
<phrik>
<sheep>
<wheatthins>
<wheatthins>
<wheatthins>
<sheep>
<noremi>
<codebam>
<codebam>
<sheep>
<codebam>
<phrik>
<Rena>
<wheatthins>
<wheatthins>
<noremi>
<noremi>
<wheatthins>
<wheatthins>
<noremi>
<codebam>
<phrik>
<noremi>
<noremi>
<codebam>
<wheatthins>
<wheatthins>
<noremi>
<noremi>
<codebam>
<wheatthins>
<wheatthins>
<phrik>
<Rena>
<sheep>
<d_garbage>
<Rena>
<Rena>
<d_garbage>
<ldionmarcil>
<Rena>
<Rena>
<d_garbage>
<Rena>
<wheatthins>
<noremi>
<d_garbage>
<noremi>
<phrik>
<phrik>
<phrik>
<wheatthins>
<sudokode>
<wheatthins>
<sudokode>
<noremi>
<Rena>
<sudokode>
<sudokode>
<Rena>
<sudokode>
<sudokode>
<wheatthins>
<d_garbage>
<Rena>
<wheatthins>
<d_garbage>
<sudokode>
<sudokode>
<Rena>
<wheatthins>
<wheatthins>
<sudokode>
<sudokode>
<Rena>
<wheatthins>
<sudokode>
<sudokode>
<d_garbage>
<sudokode>
<ldk>
<sudokode>
<sudokode>
<Rena>
<ldk>
<sudokode>
<sudokode>
<Rena>
<sudokode>
<ldk>
<crendel>
<sudokode>
<wheatthins>
<sudokode>
<ldk>
<sudokode>
<ldk>
<sudokode>
<sudokode>
<sudokode>
<ldk>
<selby>
<selby>
<ldk>
<ldk>
<wheatthins>
<sudokode>
<sudokode>
<phrik>
<selby>
<sudokode>
<sudokode>
<sudokode>
<selby>
<selby>
<wheatthins>
<sudokode>
<wheatthins>
<sudokode>
<wheatthins>
<sudokode>
<cabreraalex>
<sudokode>
<wheatthins>
<phrik>
<selby>
<cabreraalex>
<cabreraalex>
<phrik>
<lyonsb>
<sudokode>
<sudokode>
<sudokode>
<phrik>
<lyonsb>
<phrik>
<sudokode>
<phrik>
<sudokode>
<selby>
<hiptobecubic>
<phrik>
<selby>
<phrik>
<sudokode>
<noremi>
<phrik>
<sudokode>
<hiptobecubic>
<selby>
<noremi>
<wheatthins>
<wheatthins>
<wheatthins>
<sudokode>
<sudokode>
<selby>
<noremi>
<sudokode>
<sudokode>
<noremi>
<lyonsb>
<noremi>
<sudokode>
<phrik>
<noremi>
<phrik>
<noremi>
<phrik>
<sudokode>
<sudokode>
<phrik>
<sudokode>
<phrik>
<lyonsb>
<sudokode>
<selby>
<phrik>
<sudokode>
<lyonsb>
<phrik>
<selby>
<phrik>
<noremi>
<phrik>
<sudokode>
<lyonsb>
<phrik>
<lyonsb>
<phrik>
<sudokode>
<selby>
<jdahm>
<sudokode>
<sudokode>
<phrik>
<selby>
<phrik>
<noremi>
<sudokode>
<phrik>
<jdahm>
<selby>
<phrik>
<noremi>
<selby>
<sudokode>
<phrik>
<noremi>
<sudokode>
<selby>
<sudokode>
<phrik>
<sudokode>
<phrik>
<noremi>
<sudokode>
<sudokode>
<phrik>
<sudokode>
<phrik>
<sudokode>
<phrik>
<selby>
<phrik>
<sudokode>
<jdahm>
<sudokode>
<lyonsb>
<lyonsb>
<phrik>
<selby>
<phrik>
<sudokode>
<sudokode>
<selby>
<phrik>
<selby>
<selby>
<phrik>
<selby>
<thrice>
<phrik>
<selby>
<sudokode>
<phrik>
<jdahm>
<sudokode>
<jdahm>
<jdahm>
<sudokode>
<jdahm>
<sudokode>
<lyonsb>
<jdahm>
<lyonsb>
<crazedpsyc>
<lyonsb>
<crazedpsyc>
<jdahm>
<lyonsb>
<lyonsb>
<lyonsb>
<sudokode>
<sudokode>
<lyonsb>
<lyonsb>
<sudokode>
<lyonsb>
<lyonsb>
<lyonsb>
<sudokode>
<sudokode>
<lyonsb>
<sudokode>
<sudokode>
<crazedpsyc>
<jdahm>
<sudokode>
<deathspawn>
<crazedpsyc>
<sudokode>
<lyonsb>
<sudokode>
<deathspawn>
<sudokode>
<sudokode>
<deathspawn>
<sudokode>
<selby>
<deathspawn>
<selby>
<noremi>
<sudokode>
<sudokode>
<crazedpsyc>
<sudokode>
<deathspawn>
<sudokode>
<deathspawn>
<crazedpsyc>
<sudokode>
<sudokode>
<sudokode>
<sudokode>
<noremi>
<sudokode>
<sudokode>
<lyonsb>
<crazedpsyc>
<coolthingy500>
<lyonsb>
<deathspawn>
<sudokode>
<crazedpsyc>
<AzureX>
<dexter>
<sudokode>
<sudokode>
<crazedpsyc>
<electricprism>
<crazedpsyc>
<sudokode>
<dexter>
<crazedpsyc>
<sudokode>
<sudokode>
<sudokode>
<electricprism>
<sudokode>
<sudokode>
<lyonsb>
<coolthingy500>
<dexter>
<sudokode>
<dexter>
<sudokode>
<crazedpsyc>
<dexter>
<dexter>
<lyonsb>
<coolthingy500>
<sudokode>
<dexter>
<coolthingy500>
<dexter>
<crazedpsyc>
<sudokode>
<crazedpsyc>
<deathspawn>
<coolthingy500>
<dexter>
<sudokode>
<dexter>
<dexter>
<jdahm>
<gendale_>
<d_garbage>
<crazedpsyc>
<deathspawn>
<sudokode>
<sudokode>
<crazedpsyc>
<sudokode>
<crazedpsyc>
<jdahm>
<dexter>
<dexter>
<coolthingy500>
<sudokode>
<AzureX>
<sudokode>
<deathspawn>
<d_garbage>
<sudokode>
<deathspawn>
<dexter>
<lyonsb>
<dexter>
<sudokode>
<coolthingy500>
<sudokode>
<dexter>
<sudokode>
<coolthingy500>
<d_garbage>
<lyonsb>
<sudokode>
<deathspawn>
<deathspawn>
<d_garbage>
<lyonsb>
<dexter>
<coolthingy500>
<sudokode>
<dexter>
<sudokode>
<crazedpsyc>
<d_garbage>
<sudokode>
<lyonsb>
<gendale_>
<gendale_>
<sudokode>
<d_garbage>
<sudokode>
<selby>
<coolthingy500>
<deathspawn>
<sudokode>
<selby>
<gendale_>
<dexter>
<sudokode>
<gendale_>
<crazedpsyc>
<gendale_>
<gendale_>
<sudokode>
<sudokode>
<dexter>
<sudokode>
<sudokode>
<crazedpsyc>
<coolthingy500>
<dexter>
<selby>
<dexter>
<dexter>
<crazedpsyc>
<coolthingy500>
<selby>
<sudokode>
<dexter>
<gendale_>
<dexter>
<crazedpsyc>
<sudokode>
<gendale_>
<coolthingy500>
<gendale_>
<crazedpsyc>
<gendale_>
<coolthingy500>
<gendale_>
<gendale_>
<crazedpsyc>
<selby>
<selby>
<halosghost>
<noremi>
<selby>
<halosghost>
<halosghost>
<phrik>
<crazedpsyc>
<crazedpsyc>
<gendale_>
<halosghost>
<noremi>
<zer0rest>
<crazedpsyc>
<crazedpsyc>
<selby>
<noremi>
<jdahm>
<jdahm>
<halosghost>
<selby>
<coolthingy500>
<selby>
<coolthingy500>
<crazedpsyc>
<crazedpsyc>
<gendale_>
<gendale_>
<crazedpsyc>
<coolthingy500>
<phrik>
<gendale_>
<crazedpsyc>
<crazedpsyc>
<crazedpsyc>
<gendale_>
<RtMF>
<RtMF>
<RtMF>
<RtMF>
<coolthingy500>
<gendale_>
<gendale_>
<RtMF>
<RtMF>
<selby>
*
*
*
<gendale_>
<phrik>
<RtMF>
<selby>
<selby>
<phrik>
<lyonsb>
<RtMF>
<crazedpsyc>
<RtMF>
<RtMF>
<lyonsb>
<RtMF>
<d_garbage>
<idbentley>
<idbentley>
<d_garbage>
<RtMF>
<d_garbage>
<RtMF>
<gendale_>
<gendale_>
<gendale_>
<crazedpsyc>
<crazedpsyc>
<selby>
<d_garbage>
<selby>
<gendale_>
<crazedpsyc>
<phrik>
<gendale_>
<RtMF>
<crazedpsyc>
<RtMF>
<crazedpsyc>
<idbentley>
<RtMF>
<RtMF>
<RtMF>
<RtMF>
<halosghost>
<halosghost>
<halosghost>
<halosghost>
<pid1>
<youngwolf>
<RtMF>
<pid1>
<coolthingy500>
<crazedpsyc>
<RtMF>
<coolthingy500>
<halosghost>
<youngwolf>
<selby>
<gendale_>
<crazedpsyc>
<selby>
<halosghost>
<halosghost>
<crazedpsyc>
<idbentley>
<phrik>
<halosghost>
<selby>
<halosghost>
<halosghost>
<selby>
<d_garbage>
<selby>
<pid1>
<halosghost>
<crazedpsyc>
<selby>
<noremi>
<idbentley>
<crazedpsyc>
<selby>
<selby>
<crazedpsyc>
<crazedpsyc>
<noremi>
<coolthingy500>
<RtMF>
<RtMF>
<coolthingy500>
<crazedpsyc>
<lyonsb>
<crazedpsyc>
<lyonsb>
<RtMF>
<RtMF>
<lyonsb>
<lyonsb>
<RtMF>
<RtMF>
<RtMF>
<lyonsb>
<nixnerd>
<phrik>
<nixnerd>
<lyonsb>
<nixnerd>
<lyonsb>
<nixnerd>
<lyonsb>
<lyonsb>
<lyonsb>
<aroman>
<nixnerd>
<phrik>
<nixnerd>
<lyonsb>
<lyonsb>
<phrik>
<nixnerd>
<lyonsb>
<TheReaperVirus>
<al2o3-cr>
<nixnerd>
<nixnerd>
<horsemaster>
<nixnerd>
<nixnerd>
<aeon-ltd>
<horsemaster>
<nixnerd>
<aeon-ltd>
<Glyphosate>
<DarkElement>
<Glyphosate>
<DarkElement>
<al2o3-cr>
<aeon-ltd>
<al2o3-cr>
