**** BEGIN LOGGING AT Wed Apr 29 22:40:56 2015

*	Now talking on #python-unregistered
*	Topic for #python-unregistered is: Welcome to #python-unregistered! You've been put here because #python requires you to register your nickname with Freenode. For more information about registering on Freenode, ask #freenode. For more information about #python,#python-* moderation, #python-ops.
*	Topic for #python-unregistered set by lvh!~lvh@python/psf/lvh (Fri Jul 01 04:44:19 2011)
*	Disconnected (Remote host closed socket)
**** ENDING LOGGING AT Wed Apr 29 22:40:56 2015

**** BEGIN LOGGING AT Wed Apr 29 22:41:21 2015

*	Now talking on #python-unregistered
*	Topic for #python-unregistered is: Welcome to #python-unregistered! You've been put here because #python requires you to register your nickname with Freenode. For more information about registering on Freenode, ask #freenode. For more information about #python,#python-* moderation, #python-ops.
*	Topic for #python-unregistered set by lvh!~lvh@python/psf/lvh (Fri Jul 01 04:44:19 2011)
*	Disconnected (Remote host closed socket)
**** ENDING LOGGING AT Wed Apr 29 22:41:22 2015

**** BEGIN LOGGING AT Wed Apr 29 22:41:48 2015

*	Now talking on #python-unregistered
*	Topic for #python-unregistered is: Welcome to #python-unregistered! You've been put here because #python requires you to register your nickname with Freenode. For more information about registering on Freenode, ask #freenode. For more information about #python,#python-* moderation, #python-ops.
*	Topic for #python-unregistered set by lvh!~lvh@python/psf/lvh (Fri Jul 01 04:44:19 2011)
*	Hexeon|2 is now known as Hexeon
*	Guest76593 is now known as kakashi__
*	kakashi__ is now known as kakashi___
*	MrNaz-R` is now known as MrNazR
*	Striker| is now known as Striker121
*	ChanServ gives channel operator status to lvh
*	sjj_ is now known as sjj
*	Apteryx is now known as Guest51367
*	dcaro|away is now known as dcaro
*	wook is now known as Guest35981
*	robx_ is now known as treefrob
*	jamesch_ is now known as jamesch
*	eio is now known as jokoon
*	wook is now known as Guest76814
*	dcaro is now known as dcaro|food
*	john is now known as Guest30798
*	ecthiender is now known as Guest41833
*	dcaro|food is now known as dcaro
*	mwilson_ is now known as mwilson
*	scotchneat is now known as scotch_neat
*	Rumbles2 is now known as Rumbles
*	dowwie is now known as Guest17229
*	hi is now known as Guest90146
*	czim_mba is now known as glmb_work
*	glmb_work is now known as glmbhcmx
*	bnovc^ is now known as bnovc
*	fibbance2 is now known as fibbance
*	DeMiNe0_ is now known as DeMiNe0
*	epifanio_ is now known as epifanio
*	Disconnected (No such device or address)
**** ENDING LOGGING AT Thu Apr 30 12:57:12 2015

**** BEGIN LOGGING AT Thu Apr 30 12:57:38 2015

*	Now talking on #python-unregistered
*	Topic for #python-unregistered is: Welcome to #python-unregistered! You've been put here because #python requires you to register your nickname with Freenode. For more information about registering on Freenode, ask #freenode. For more information about #python,#python-* moderation, #python-ops.
*	Topic for #python-unregistered set by lvh!~lvh@python/psf/lvh (Fri Jul 01 04:44:19 2011)
*	Disconnected (No such device or address)
**** ENDING LOGGING AT Thu Apr 30 13:13:58 2015

**** BEGIN LOGGING AT Thu Apr 30 13:19:55 2015

*	Now talking on #python-unregistered
*	Topic for #python-unregistered is: Welcome to #python-unregistered! You've been put here because #python requires you to register your nickname with Freenode. For more information about registering on Freenode, ask #freenode. For more information about #python,#python-* moderation, #python-ops.
*	Topic for #python-unregistered set by lvh!~lvh@python/psf/lvh (Fri Jul 01 04:44:19 2011)
*	Disconnected (No such device or address)
**** ENDING LOGGING AT Thu Apr 30 13:20:34 2015

**** BEGIN LOGGING AT Thu Apr 30 13:31:49 2015

*	Now talking on #python-unregistered
*	Topic for #python-unregistered is: Welcome to #python-unregistered! You've been put here because #python requires you to register your nickname with Freenode. For more information about registering on Freenode, ask #freenode. For more information about #python,#python-* moderation, #python-ops.
*	Topic for #python-unregistered set by lvh!~lvh@python/psf/lvh (Fri Jul 01 04:44:19 2011)
*	tactical_housepl is now known as iron_squid
*	ubuntu is now known as Guest12302
*	matthew_ is now known as Guest82388
*	rvchangue is now known as Guest6193
*	cr3_ is now known as cr3
*	vessel_ is now known as vessel
*	aboudreault_ is now known as aboudreault
*	Odonay_ is now known as Odonay
*	yen0p_ is now known as yen0p
*	raeonite is now known as raeon
*	Atlantic778 is now known as Atlantic777
*	cr3 is now known as Guest57102
*	tomaw_ is now known as tomaw
*	Jezzz_ is now known as Jezzz
*	manuel_ is now known as _manny
*	diminoten_ is now known as diminoten
*	diminoten is now known as diminoten_
*	diminoten_ is now known as diminoten
*	max12345 is now known as Guest10538
*	Guest10538 is now known as max12345
*	dhanush_ is now known as dhanush
*	Guest57102 is now known as cr3
*	cr3 is now known as Guest12681
*	simone is now known as Guest58004
*	Disconnected (Connection reset by peer)
**** ENDING LOGGING AT Thu Apr 30 15:33:25 2015

**** BEGIN LOGGING AT Thu Apr 30 15:37:11 2015

*	Now talking on #python-unregistered
*	Topic for #python-unregistered is: Welcome to #python-unregistered! You've been put here because #python requires you to register your nickname with Freenode. For more information about registering on Freenode, ask #freenode. For more information about #python,#python-* moderation, #python-ops.
*	Topic for #python-unregistered set by lvh!~lvh@python/psf/lvh (Fri Jul 01 04:44:19 2011)
*	Pseudo is now known as Pseudocrat
*	Guest12681 is now known as cr3
*	cr3 is now known as Guest13341
*	dcaro is now known as dcaro|out
*	Guest13341 is now known as cr3
*	cr3 is now known as Guest74417
*	Timmmmmm_ is now known as tim__
*	tim__ is now known as tim_42
*	tim_42 is now known as t_m
*	schmity_ is now known as schmity
*	rrah_ is now known as rrah
*	Remram_ is now known as Remram
*	Naeblis_ is now known as Naeb
*	Gues_____ is now known as dylukes
*	nacsurte_ is now known as nacsurte
*	Guest74417 is now known as cr3
*	cr3 is now known as Guest12886
*	Disconnected (Connection reset by peer)
**** ENDING LOGGING AT Thu Apr 30 17:53:37 2015

**** BEGIN LOGGING AT Thu Apr 30 22:51:57 2015

*	Now talking on #python-unregistered
*	Topic for #python-unregistered is: Welcome to #python-unregistered! You've been put here because #python requires you to register your nickname with Freenode. For more information about registering on Freenode, ask #freenode. For more information about #python,#python-* moderation, #python-ops.
*	Topic for #python-unregistered set by lvh!~lvh@python/psf/lvh (Fri Jul 01 04:44:19 2011)
*	Disconnected (Remote host closed socket)
**** ENDING LOGGING AT Thu Apr 30 22:51:58 2015

**** BEGIN LOGGING AT Thu Apr 30 22:52:23 2015

*	Now talking on #python-unregistered
*	Topic for #python-unregistered is: Welcome to #python-unregistered! You've been put here because #python requires you to register your nickname with Freenode. For more information about registering on Freenode, ask #freenode. For more information about #python,#python-* moderation, #python-ops.
*	Topic for #python-unregistered set by lvh!~lvh@python/psf/lvh (Fri Jul 01 04:44:19 2011)
*	madhukar is now known as bowchikawowow
*	bowchikawowow is now known as madhukar
*	pikachu is now known as p1kachu
*	blah111111111 is now known as sum_bits
*	wook is now known as Guest98126
*	sanitypa1sing is now known as sanitypassing
*	vinit-away is now known as vin-ivar
*	Timmmmmm is now known as t_m
*	Rumbles2 is now known as Rumbles
*	c7g_ is now known as c7g
*	someon is now known as someone
*	john is now known as Guest74728
*	someon is now known as someone
*	Vladimir1ki is now known as Vladimirski
*	mahmoudh_ is now known as mahmoudh
*	braincode is now known as voidbraincode
*	wook is now known as Guest48325
*	acke_ is now known as acke
*	BabySupe_ is now known as BabySuperman_
*	BabySuperman_ is now known as BabySuperman
*	Olipro_ is now known as Guest62271
*	wook is now known as Guest78355
**** ENDING LOGGING AT Fri May 01 22:03:03 2015

**** BEGIN LOGGING AT Sun May 03 00:11:35 2015

*	Now talking on #python-unregistered
*	Topic for #python-unregistered is: Welcome to #python-unregistered! You've been put here because #python requires you to register your nickname with Freenode. For more information about registering on Freenode, ask #freenode. For more information about #python,#python-* moderation, #python-ops.
*	Topic for #python-unregistered set by lvh!~lvh@python/psf/lvh (Fri Jul 01 04:44:19 2011)
*	tparenti_ is now known as tparenti
*	anthony is now known as Guest13258
*	AFulgens is now known as Guest21385
*	keepguesing_zzzz is now known as keepguessing
*	robx_ is now known as treefrob
*	nahh_ is now known as nahh
*	brauminski is now known as Guest10397
*	raniere_ is now known as raniere
*	j0lly_ is now known as j0lly
*	Disconnected (Connection reset by peer)
**** ENDING LOGGING AT Sun May 03 11:25:08 2015

**** BEGIN LOGGING AT Sun May 03 12:00:13 2015

*	Now talking on #python-unregistered
*	Topic for #python-unregistered is: Welcome to #python-unregistered! You've been put here because #python requires you to register your nickname with Freenode. For more information about registering on Freenode, ask #freenode. For more information about #python,#python-* moderation, #python-ops.
*	Topic for #python-unregistered set by lvh!~lvh@python/psf/lvh (Fri Jul 01 04:44:19 2011)
*	banister is now known as banisterfiend
*	Disconnected (No such device or address)
**** ENDING LOGGING AT Sun May 03 12:05:15 2015

**** BEGIN LOGGING AT Sun May 03 12:41:59 2015

*	Now talking on #python-unregistered
*	Topic for #python-unregistered is: Welcome to #python-unregistered! You've been put here because #python requires you to register your nickname with Freenode. For more information about registering on Freenode, ask #freenode. For more information about #python,#python-* moderation, #python-ops.
*	Topic for #python-unregistered set by lvh!~lvh@python/psf/lvh (Fri Jul 01 04:44:19 2011)
*	Disconnected (No such device or address)
**** ENDING LOGGING AT Sun May 03 13:16:06 2015

**** BEGIN LOGGING AT Sun May 03 13:29:06 2015

*	Now talking on #python-unregistered
*	Topic for #python-unregistered is: Welcome to #python-unregistered! You've been put here because #python requires you to register your nickname with Freenode. For more information about registering on Freenode, ask #freenode. For more information about #python,#python-* moderation, #python-ops.
*	Topic for #python-unregistered set by lvh!~lvh@python/psf/lvh (Fri Jul 01 04:44:19 2011)
*	Disconnected (No such device or address)
**** ENDING LOGGING AT Sun May 03 14:25:09 2015

**** BEGIN LOGGING AT Sun May 03 14:42:24 2015

*	Now talking on #python-unregistered
*	Topic for #python-unregistered is: Welcome to #python-unregistered! You've been put here because #python requires you to register your nickname with Freenode. For more information about registering on Freenode, ask #freenode. For more information about #python,#python-* moderation, #python-ops.
*	Topic for #python-unregistered set by lvh!~lvh@python/psf/lvh (Fri Jul 01 04:44:19 2011)
*	Xenophon1fAthens is now known as XenophonOfAthens
*	anthony is now known as Guest5420
*	MuffettM1n is now known as MuffettMan
*	simone is now known as Guest5620
*	wook is now known as Guest70352
*	Disconnected (Connection reset by peer)
**** ENDING LOGGING AT Sun May 03 21:06:51 2015

**** BEGIN LOGGING AT Sun May 03 21:22:04 2015

*	Now talking on #python-unregistered
*	Topic for #python-unregistered is: Welcome to #python-unregistered! You've been put here because #python requires you to register your nickname with Freenode. For more information about registering on Freenode, ask #freenode. For more information about #python,#python-* moderation, #python-ops.
*	Topic for #python-unregistered set by lvh!~lvh@python/psf/lvh (Fri Jul 01 04:44:19 2011)
*	robx_ is now known as treefrob
*	sidarta is now known as soliveira
*	soliveira is now known as sidarta
*	true1 is now known as trust1
*	wook is now known as Guest41457
*	Disconnected (Connection reset by peer)
**** ENDING LOGGING AT Mon May 04 01:03:28 2015

**** BEGIN LOGGING AT Mon May 04 01:08:17 2015

*	Now talking on #python-unregistered
*	Topic for #python-unregistered is: Welcome to #python-unregistered! You've been put here because #python requires you to register your nickname with Freenode. For more information about registering on Freenode, ask #freenode. For more information about #python,#python-* moderation, #python-ops.
*	Topic for #python-unregistered set by lvh!~lvh@python/psf/lvh (Fri Jul 01 04:44:19 2011)
*	intuxicated_ is now known as hidensoft
*	c4urself is now known as Guest97341
*	alamages_ is now known as alamages
*	_dv_ is now known as dv_
*	Disconnected (Connection reset by peer)
**** ENDING LOGGING AT Mon May 04 06:29:58 2015

**** BEGIN LOGGING AT Mon May 04 06:30:23 2015

*	Now talking on #python-unregistered
*	Topic for #python-unregistered is: Welcome to #python-unregistered! You've been put here because #python requires you to register your nickname with Freenode. For more information about registering on Freenode, ask #freenode. For more information about #python,#python-* moderation, #python-ops.
*	Topic for #python-unregistered set by lvh!~lvh@python/psf/lvh (Fri Jul 01 04:44:19 2011)
*	Disconnected (Connection reset by peer)
**** ENDING LOGGING AT Mon May 04 08:14:58 2015

**** BEGIN LOGGING AT Mon May 04 08:19:22 2015

*	Now talking on #python-unregistered
*	Topic for #python-unregistered is: Welcome to #python-unregistered! You've been put here because #python requires you to register your nickname with Freenode. For more information about registering on Freenode, ask #freenode. For more information about #python,#python-* moderation, #python-ops.
*	Topic for #python-unregistered set by lvh!~lvh@python/psf/lvh (Fri Jul 01 04:44:19 2011)
*	Disconnected (No such device or address)
**** ENDING LOGGING AT Mon May 04 09:04:29 2015

**** BEGIN LOGGING AT Mon May 04 09:09:55 2015

*	Now talking on #python-unregistered
*	Topic for #python-unregistered is: Welcome to #python-unregistered! You've been put here because #python requires you to register your nickname with Freenode. For more information about registering on Freenode, ask #freenode. For more information about #python,#python-* moderation, #python-ops.
*	Topic for #python-unregistered set by lvh!~lvh@python/psf/lvh (Fri Jul 01 04:44:19 2011)
*	newbie is now known as Guest53380
*	intuxicated_ is now known as intuxicated
*	dowwie is now known as Guest67590
*	Guest67590 is now known as dowwie
*	epifanio_ is now known as epifanio
*	xTEMPLARx_ is now known as xTEMPLARx
*	barneygale_ is now known as barneygale
*	techair_ is now known as techair
*	Disconnected (Connection reset by peer)
**** ENDING LOGGING AT Mon May 04 12:34:30 2015

**** BEGIN LOGGING AT Mon May 04 12:35:01 2015

*	Now talking on #python-unregistered
*	Topic for #python-unregistered is: Welcome to #python-unregistered! You've been put here because #python requires you to register your nickname with Freenode. For more information about registering on Freenode, ask #freenode. For more information about #python,#python-* moderation, #python-ops.
*	Topic for #python-unregistered set by lvh!~lvh@python/psf/lvh (Fri Jul 01 04:44:19 2011)
*	dcaro is now known as dcaro|away
*	msg is now known as Guest87197
*	Disconnected (Connection reset by peer)
**** ENDING LOGGING AT Mon May 04 14:06:01 2015

**** BEGIN LOGGING AT Mon May 04 14:10:17 2015

*	Now talking on #python-unregistered
*	Topic for #python-unregistered is: Welcome to #python-unregistered! You've been put here because #python requires you to register your nickname with Freenode. For more information about registering on Freenode, ask #freenode. For more information about #python,#python-* moderation, #python-ops.
*	Topic for #python-unregistered set by lvh!~lvh@python/psf/lvh (Fri Jul 01 04:44:19 2011)
*	dyce_ is now known as dyce
*	wjimenez_ is now known as wjimenez5271_
*	Guest13 is now known as lacey_will
*	lacey_will is now known as laceywill
*	hypnoticnite is now known as droogie_alex
*	grundrausch3n_ is now known as grundrausch3n
*	keepguesing_zzzz is now known as keepguessing
*	jb0t_ is now known as jb0t
*	banister is now known as banisterfiend
*	davis is now known as Guest27859
*	wook is now known as Guest79898
*	simone is now known as Guest8765
*	skywalker is now known as Guest23376
**** ENDING LOGGING AT Mon May 04 20:46:17 2015

**** BEGIN LOGGING AT Tue May 05 16:07:44 2015

*	Now talking on #python-unregistered
*	Topic for #python-unregistered is: Welcome to #python-unregistered! You've been put here because #python requires you to register your nickname with Freenode. For more information about registering on Freenode, ask #freenode. For more information about #python,#python-* moderation, #python-ops.
*	Topic for #python-unregistered set by lvh!~lvh@python/psf/lvh (Fri Jul 01 04:44:19 2011)
<DarkElement>	Hey guys if I have a 2d array I can do [1].append(element), correct?
*	#python-unregistered :Cannot send to channel
**** ENDING LOGGING AT Tue May 05 16:08:34 2015

**** BEGIN LOGGING AT Tue May 05 18:59:56 2015

*	Now talking on #python-unregistered
*	Topic for #python-unregistered is: Welcome to #python-unregistered! You've been put here because #python requires you to register your nickname with Freenode. For more information about registering on Freenode, ask #freenode. For more information about #python,#python-* moderation, #python-ops.
*	Topic for #python-unregistered set by lvh!~lvh@python/psf/lvh (Fri Jul 01 04:44:19 2011)
-NickServ-	You are now identified for DarkElement.
*	dhilipsiva is now known as Guest14803
*	apurva is now known as psiinyou
*	kakashi is now known as Guest36753
*	wook is now known as Guest76218
*	Disconnected (Connection reset by peer)
**** ENDING LOGGING AT Tue May 05 20:38:04 2015

**** BEGIN LOGGING AT Tue May 05 20:47:42 2015

*	Now talking on #python-unregistered
*	Topic for #python-unregistered is: Welcome to #python-unregistered! You've been put here because #python requires you to register your nickname with Freenode. For more information about registering on Freenode, ask #freenode. For more information about #python,#python-* moderation, #python-ops.
*	Topic for #python-unregistered set by lvh!~lvh@python/psf/lvh (Fri Jul 01 04:44:19 2011)
*	HoloIRCUser1 is now known as Emoria
*	kakashi is now known as Guest11770
*	dhilipsiva is now known as Guest3720
*	dhilipsiva is now known as Guest79341
*	kakashi is now known as Guest36667
*	kakashi is now known as Guest19844
*	unpro is now known as Guest2765
*	dhilipsiva is now known as Guest87050
*	kakashi is now known as Guest84815
*	Guest84815 is now known as kakashi___
*	dhilipsiva is now known as Guest57070
*	Guest65098 is now known as commandoline
*	robx_ is now known as treefrob
*	sienikas1usto is now known as sienikasvusto
*	ValidThrowaway is now known as B45K
*	Trashlord is now known as Guest40551
*	Aurele__ is now known as _4urele_
*	dhilipsiva is now known as Guest2312
*	dhilipsiva is now known as Guest11424
*	dcaro is now known as dcaro|away
*	dcaro|away is now known as dcaro|lunch
*	dcaro|lunch is now known as dcaro
*	cast_ is now known as cast
*	jj15_ is now known as jj15
*	upok is now known as pfields
*	pfields is now known as upok
*	kimiamania_ is now known as kimiamania
*	kimiamania is now known as Guest80171
*	Guest80171 is now known as kimiamania
*	Disconnected (Connection reset by peer)
**** ENDING LOGGING AT Wed May 06 12:34:54 2015

**** BEGIN LOGGING AT Wed May 06 14:19:36 2015

*	Now talking on #python-unregistered
*	Topic for #python-unregistered is: Welcome to #python-unregistered! You've been put here because #python requires you to register your nickname with Freenode. For more information about registering on Freenode, ask #freenode. For more information about #python,#python-* moderation, #python-ops.
*	Topic for #python-unregistered set by lvh!~lvh@python/psf/lvh (Fri Jul 01 04:44:19 2011)
*	Disconnected (No such device or address)
**** ENDING LOGGING AT Wed May 06 15:05:06 2015

**** BEGIN LOGGING AT Wed May 06 15:20:15 2015

*	Now talking on #python-unregistered
*	Topic for #python-unregistered is: Welcome to #python-unregistered! You've been put here because #python requires you to register your nickname with Freenode. For more information about registering on Freenode, ask #freenode. For more information about #python,#python-* moderation, #python-ops.
*	Topic for #python-unregistered set by lvh!~lvh@python/psf/lvh (Fri Jul 01 04:44:19 2011)
*	dcaroest is now known as dcaro|not_here
*	Guest28853 is now known as baconolgy
*	baconolgy is now known as baconology
*	Disconnected (Connection reset by peer)
**** ENDING LOGGING AT Wed May 06 15:49:55 2015

**** BEGIN LOGGING AT Wed May 06 15:54:48 2015

*	Now talking on #python-unregistered
*	Topic for #python-unregistered is: Welcome to #python-unregistered! You've been put here because #python requires you to register your nickname with Freenode. For more information about registering on Freenode, ask #freenode. For more information about #python,#python-* moderation, #python-ops.
*	Topic for #python-unregistered set by lvh!~lvh@python/psf/lvh (Fri Jul 01 04:44:19 2011)
*	john is now known as Guest42849
*	el-siry is now known as ysiry
**** ENDING LOGGING AT Wed May 06 17:14:31 2015

**** BEGIN LOGGING AT Wed May 06 17:17:46 2015

*	dhilipsiva is now known as Guest85201
*	igors_ is now known as igors
*	Disconnected (Connection reset by peer)
**** ENDING LOGGING AT Wed May 06 17:43:59 2015

**** BEGIN LOGGING AT Wed May 06 18:42:03 2015

*	Now talking on #python-unregistered
*	Topic for #python-unregistered is: Welcome to #python-unregistered! You've been put here because #python requires you to register your nickname with Freenode. For more information about registering on Freenode, ask #freenode. For more information about #python,#python-* moderation, #python-ops.
*	Topic for #python-unregistered set by lvh!~lvh@python/psf/lvh (Fri Jul 01 04:44:19 2011)
*	Disconnected (Connection reset by peer)
**** ENDING LOGGING AT Wed May 06 18:42:10 2015

**** BEGIN LOGGING AT Wed May 06 18:42:55 2015

*	Now talking on #python-unregistered
*	Topic for #python-unregistered is: Welcome to #python-unregistered! You've been put here because #python requires you to register your nickname with Freenode. For more information about registering on Freenode, ask #freenode. For more information about #python,#python-* moderation, #python-ops.
*	Topic for #python-unregistered set by lvh!~lvh@python/psf/lvh (Fri Jul 01 04:44:19 2011)
*	Disconnected (Remote host closed socket)
**** ENDING LOGGING AT Wed May 06 18:43:00 2015

**** BEGIN LOGGING AT Wed May 06 18:43:42 2015

*	Now talking on #python-unregistered
*	Topic for #python-unregistered is: Welcome to #python-unregistered! You've been put here because #python requires you to register your nickname with Freenode. For more information about registering on Freenode, ask #freenode. For more information about #python,#python-* moderation, #python-ops.
*	Topic for #python-unregistered set by lvh!~lvh@python/psf/lvh (Fri Jul 01 04:44:19 2011)
*	[freenode-info] channel trolls and no channel staff around to help? please check with freenode support: http://freenode.net/faq.shtml#gettinghelp
*	Disconnected (Remote host closed socket)
**** ENDING LOGGING AT Wed May 06 18:43:49 2015

**** BEGIN LOGGING AT Wed May 06 19:42:43 2015

*	Now talking on #python-unregistered
*	Topic for #python-unregistered is: Welcome to #python-unregistered! You've been put here because #python requires you to register your nickname with Freenode. For more information about registering on Freenode, ask #freenode. For more information about #python,#python-* moderation, #python-ops.
*	Topic for #python-unregistered set by lvh!~lvh@python/psf/lvh (Fri Jul 01 04:44:19 2011)
*	dhilipsiva is now known as Guest16503
*	dhilipsiva is now known as Guest82453
*	Guest84611 is now known as greves
*	dhilipsiva is now known as Guest15012
*	johanx is now known as alienx
*	alienx is now known as alienxx
*	dcaro|not_here is now known as dcaro
*	dhilipsiva is now known as Guest30327
*	brauminski is now known as Guest2570
*	robx_ is now known as treefrob
*	MoHiT is now known as Mohit
*	Mohit is now known as MoHiTDx
*	dhilipsiva is now known as Guest43592
*	dhilipsiva is now known as Guest84895
*	dcaro is now known as dcaro|lunch
*	sourcef_ is now known as sourcef
*	ValidThrowaway is now known as B45K
*	dcaro|lunch is now known as dcaro
*	dhilipsiva is now known as Guest28696
*	raniere__ is now known as raniere
*	[csed] is now known as csed
*	mac_nibblet is now known as Guest99283
*	Disconnected (Connection reset by peer)
**** ENDING LOGGING AT Thu May 07 11:21:52 2015

**** BEGIN LOGGING AT Thu May 07 11:26:17 2015

*	Now talking on #python-unregistered
*	Topic for #python-unregistered is: Welcome to #python-unregistered! You've been put here because #python requires you to register your nickname with Freenode. For more information about registering on Freenode, ask #freenode. For more information about #python,#python-* moderation, #python-ops.
*	Topic for #python-unregistered set by lvh!~lvh@python/psf/lvh (Fri Jul 01 04:44:19 2011)
*	mac_nibblet is now known as Guest63388
*	mac_nibblet is now known as Guest86860
*	jdrumheller_ is now known as jdrumheller
*	Disconnected (No such device or address)
**** ENDING LOGGING AT Thu May 07 12:36:36 2015

**** BEGIN LOGGING AT Sat May 09 11:37:57 2015

*	Now talking on #python-unregistered
*	Topic for #python-unregistered is: Welcome to #python-unregistered! You've been put here because #python requires you to register your nickname with Freenode. For more information about registering on Freenode, ask #freenode. For more information about #python,#python-* moderation, #python-ops.
*	Topic for #python-unregistered set by lvh!~lvh@python/psf/lvh (Fri Jul 01 04:44:19 2011)
*	Disconnected (No such device or address)
**** ENDING LOGGING AT Sat May 09 11:45:15 2015

**** BEGIN LOGGING AT Sat May 09 16:09:48 2015

*	Now talking on #python-unregistered
*	Topic for #python-unregistered is: Welcome to #python-unregistered! You've been put here because #python requires you to register your nickname with Freenode. For more information about registering on Freenode, ask #freenode. For more information about #python,#python-* moderation, #python-ops.
*	Topic for #python-unregistered set by lvh!~lvh@python/psf/lvh (Fri Jul 01 04:44:19 2011)
*	dowwie is now known as Guest72886
*	Guest72886 is now known as dowwie
*	ASA is now known as Guest97599
*	Disconnected (Connection reset by peer)
**** ENDING LOGGING AT Sat May 09 18:51:39 2015

**** BEGIN LOGGING AT Sat May 09 18:56:23 2015

*	Now talking on #python-unregistered
*	Topic for #python-unregistered is: Welcome to #python-unregistered! You've been put here because #python requires you to register your nickname with Freenode. For more information about registering on Freenode, ask #freenode. For more information about #python,#python-* moderation, #python-ops.
*	Topic for #python-unregistered set by lvh!~lvh@python/psf/lvh (Fri Jul 01 04:44:19 2011)
*	Disconnected (Connection reset by peer)
**** ENDING LOGGING AT Sat May 09 18:58:03 2015

**** BEGIN LOGGING AT Sat May 09 19:39:36 2015

*	Now talking on #python-unregistered
*	Topic for #python-unregistered is: Welcome to #python-unregistered! You've been put here because #python requires you to register your nickname with Freenode. For more information about registering on Freenode, ask #freenode. For more information about #python,#python-* moderation, #python-ops.
*	Topic for #python-unregistered set by lvh!~lvh@python/psf/lvh (Fri Jul 01 04:44:19 2011)
*	[freenode-info] why register and identify? your IRC nick is how people know you. http://freenode.net/faq.shtml#nicksetup
*	Disconnected (No such device or address)
**** ENDING LOGGING AT Sat May 09 19:45:39 2015

**** BEGIN LOGGING AT Sat May 09 19:50:35 2015

*	Now talking on #python-unregistered
*	Topic for #python-unregistered is: Welcome to #python-unregistered! You've been put here because #python requires you to register your nickname with Freenode. For more information about registering on Freenode, ask #freenode. For more information about #python,#python-* moderation, #python-ops.
*	Topic for #python-unregistered set by lvh!~lvh@python/psf/lvh (Fri Jul 01 04:44:19 2011)
*	abrahammer_ is now known as abrahammer
*	dhilipsiva is now known as Guest45117
*	Disconnected (Connection reset by peer)
**** ENDING LOGGING AT Sat May 09 20:05:14 2015

**** BEGIN LOGGING AT Sat May 09 20:09:31 2015

*	Now talking on #python-unregistered
*	Topic for #python-unregistered is: Welcome to #python-unregistered! You've been put here because #python requires you to register your nickname with Freenode. For more information about registering on Freenode, ask #freenode. For more information about #python,#python-* moderation, #python-ops.
*	Topic for #python-unregistered set by lvh!~lvh@python/psf/lvh (Fri Jul 01 04:44:19 2011)
*	Disconnected (Connection reset by peer)
**** ENDING LOGGING AT Sat May 09 20:20:42 2015

**** BEGIN LOGGING AT Sat May 09 20:24:36 2015

*	Now talking on #python-unregistered
*	Topic for #python-unregistered is: Welcome to #python-unregistered! You've been put here because #python requires you to register your nickname with Freenode. For more information about registering on Freenode, ask #freenode. For more information about #python,#python-* moderation, #python-ops.
*	Topic for #python-unregistered set by lvh!~lvh@python/psf/lvh (Fri Jul 01 04:44:19 2011)
*	Disconnected (Connection reset by peer)
**** ENDING LOGGING AT Sat May 09 20:42:26 2015

**** BEGIN LOGGING AT Sat May 09 20:57:10 2015

*	Now talking on #python-unregistered
*	Topic for #python-unregistered is: Welcome to #python-unregistered! You've been put here because #python requires you to register your nickname with Freenode. For more information about registering on Freenode, ask #freenode. For more information about #python,#python-* moderation, #python-ops.
*	Topic for #python-unregistered set by lvh!~lvh@python/psf/lvh (Fri Jul 01 04:44:19 2011)
*	dhilipsiva is now known as Guest5747
*	dhilipsiva is now known as Guest99898
*	GreyArea is now known as Guest2042
*	Disconnected (No such device or address)
**** ENDING LOGGING AT Sat May 09 23:39:47 2015

**** BEGIN LOGGING AT Sat May 09 23:41:38 2015

*	Now talking on #python-unregistered
*	Topic for #python-unregistered is: Welcome to #python-unregistered! You've been put here because #python requires you to register your nickname with Freenode. For more information about registering on Freenode, ask #freenode. For more information about #python,#python-* moderation, #python-ops.
*	Topic for #python-unregistered set by lvh!~lvh@python/psf/lvh (Fri Jul 01 04:44:19 2011)
*	wook is now known as Guest18589
*	user_ is now known as flyingtriangle1
*	wook is now known as Guest99683
*	dys is now known as Guest33339
*	dhilipsiva is now known as Guest66142
*	dhilipsiva is now known as Guest81376
*	Guest33339 is now known as dys
*	dhilipsiva is now known as Guest62315
*	idafyaid is now known as Guest8144
*	dhilipsiva is now known as Guest7461
*	dhilipsiva is now known as Guest198
*	Trashlord is now known as Guest69620
*	jsoh is now known as Josh|`
*	msg is now known as jaskj
*	Disconnected (Connection reset by peer)
**** ENDING LOGGING AT Sun May 10 14:51:07 2015

**** BEGIN LOGGING AT Sun May 10 14:59:40 2015

*	Now talking on #python-unregistered
*	Topic for #python-unregistered is: Welcome to #python-unregistered! You've been put here because #python requires you to register your nickname with Freenode. For more information about registering on Freenode, ask #freenode. For more information about #python,#python-* moderation, #python-ops.
*	Topic for #python-unregistered set by lvh!~lvh@python/psf/lvh (Fri Jul 01 04:44:19 2011)
**** ENDING LOGGING AT Sun May 10 15:32:13 2015

**** BEGIN LOGGING AT Wed May 13 17:32:09 2015

*	Now talking on #python-unregistered
*	Topic for #python-unregistered is: Welcome to #python-unregistered! You've been put here because #python requires you to register your nickname with Freenode. For more information about registering on Freenode, ask #freenode. For more information about #python,#python-* moderation, #python-ops.
*	Topic for #python-unregistered set by lvh!~lvh@python/psf/lvh (Fri Jul 01 04:44:19 2011)
<DarkElement>	Hey guys what is some code that will send a given message to a channel on IRC?
*	#python-unregistered :Cannot send to channel
>nickserv<	identify ****
-NickServ-	You are now identified for DarkElement.
**** ENDING LOGGING AT Wed May 13 17:32:46 2015

**** BEGIN LOGGING AT Wed May 13 20:25:58 2015

*	Now talking on #python-unregistered
*	Topic for #python-unregistered is: Welcome to #python-unregistered! You've been put here because #python requires you to register your nickname with Freenode. For more information about registering on Freenode, ask #freenode. For more information about #python,#python-* moderation, #python-ops.
*	Topic for #python-unregistered set by lvh!~lvh@python/psf/lvh (Fri Jul 01 04:44:19 2011)
*	Disconnected (Connection reset by peer)
**** ENDING LOGGING AT Wed May 13 20:26:23 2015

**** BEGIN LOGGING AT Wed May 13 20:26:51 2015

*	Now talking on #python-unregistered
*	Topic for #python-unregistered is: Welcome to #python-unregistered! You've been put here because #python requires you to register your nickname with Freenode. For more information about registering on Freenode, ask #freenode. For more information about #python,#python-* moderation, #python-ops.
*	Topic for #python-unregistered set by lvh!~lvh@python/psf/lvh (Fri Jul 01 04:44:19 2011)
*	wook is now known as Guest91255
*	moshez_ is now known as moshez
*	gtuckerkellogg_ is now known as gtuckerkellogg
*	james_ is now known as Guest66311
*	dcaro|afk is now known as dcaro
*	sunnypsy2p is now known as sunnypsyop
*	shantanoo is now known as Guest58793
*	robx_ is now known as treefrob
*	home is now known as Partial_Ghoul
*	CrtxReav_ is now known as CrtxReavr
*	Guest10514 is now known as yml
*	brandon is now known as Guest44610
*	peppy1 is now known as peppy
*	Disconnected (Connection reset by peer)
**** ENDING LOGGING AT Thu May 14 12:17:44 2015

**** BEGIN LOGGING AT Thu May 14 12:22:34 2015

*	Now talking on #python-unregistered
*	Topic for #python-unregistered is: Welcome to #python-unregistered! You've been put here because #python requires you to register your nickname with Freenode. For more information about registering on Freenode, ask #freenode. For more information about #python,#python-* moderation, #python-ops.
*	Topic for #python-unregistered set by lvh!~lvh@python/psf/lvh (Fri Jul 01 04:44:19 2011)
*	Disconnected (Connection reset by peer)
**** ENDING LOGGING AT Thu May 14 12:24:39 2015

**** BEGIN LOGGING AT Thu May 14 12:30:35 2015

*	Now talking on #python-unregistered
*	Topic for #python-unregistered is: Welcome to #python-unregistered! You've been put here because #python requires you to register your nickname with Freenode. For more information about registering on Freenode, ask #freenode. For more information about #python,#python-* moderation, #python-ops.
*	Topic for #python-unregistered set by lvh!~lvh@python/psf/lvh (Fri Jul 01 04:44:19 2011)
*	Disconnected (Connection reset by peer)
**** ENDING LOGGING AT Thu May 14 12:40:58 2015

**** BEGIN LOGGING AT Thu May 14 12:55:53 2015

*	Now talking on #python-unregistered
*	Topic for #python-unregistered is: Welcome to #python-unregistered! You've been put here because #python requires you to register your nickname with Freenode. For more information about registering on Freenode, ask #freenode. For more information about #python,#python-* moderation, #python-ops.
*	Topic for #python-unregistered set by lvh!~lvh@python/psf/lvh (Fri Jul 01 04:44:19 2011)
*	Liam_ is now known as Guest41577
*	Guest433 is now known as Jezzz
*	Carolin is now known as msg
*	msg is now known as Guest19216
*	fale_ is now known as fale
*	wook is now known as Guest87590
*	sidd_ is now known as survivedusk
*	blizzy is now known as _blizzy_
*	Disconnected (No such device or address)
**** ENDING LOGGING AT Thu May 14 15:46:36 2015

**** BEGIN LOGGING AT Thu May 14 15:52:31 2015

*	Now talking on #python-unregistered
*	Topic for #python-unregistered is: Welcome to #python-unregistered! You've been put here because #python requires you to register your nickname with Freenode. For more information about registering on Freenode, ask #freenode. For more information about #python,#python-* moderation, #python-ops.
*	Topic for #python-unregistered set by lvh!~lvh@python/psf/lvh (Fri Jul 01 04:44:19 2011)
*	Disconnected (No such device or address)
**** ENDING LOGGING AT Thu May 14 15:53:45 2015

**** BEGIN LOGGING AT Thu May 14 15:58:35 2015

*	Now talking on #python-unregistered
*	Topic for #python-unregistered is: Welcome to #python-unregistered! You've been put here because #python requires you to register your nickname with Freenode. For more information about registering on Freenode, ask #freenode. For more information about #python,#python-* moderation, #python-ops.
*	Topic for #python-unregistered set by lvh!~lvh@python/psf/lvh (Fri Jul 01 04:44:19 2011)
*	Disconnected (No such device or address)
**** ENDING LOGGING AT Thu May 14 16:02:07 2015

**** BEGIN LOGGING AT Thu May 14 21:01:26 2015

*	Now talking on #python-unregistered
*	Topic for #python-unregistered is: Welcome to #python-unregistered! You've been put here because #python requires you to register your nickname with Freenode. For more information about registering on Freenode, ask #freenode. For more information about #python,#python-* moderation, #python-ops.
*	Topic for #python-unregistered set by lvh!~lvh@python/psf/lvh (Fri Jul 01 04:44:19 2011)
*	Servicing ident request from 91.217.189.44 as DarkElement
**** ENDING LOGGING AT Thu May 14 22:54:33 2015

**** BEGIN LOGGING AT Fri May 15 20:05:59 2015

*	Now talking on #python-unregistered
*	Topic for #python-unregistered is: Welcome to #python-unregistered! You've been put here because #python requires you to register your nickname with Freenode. For more information about registering on Freenode, ask #freenode. For more information about #python,#python-* moderation, #python-ops.
*	Topic for #python-unregistered set by lvh!~lvh@python/psf/lvh (Fri Jul 01 04:44:19 2011)
*	Disconnected (No such device or address)
**** ENDING LOGGING AT Fri May 15 20:06:55 2015

**** BEGIN LOGGING AT Fri May 15 20:54:10 2015

*	Now talking on #python-unregistered
*	Topic for #python-unregistered is: Welcome to #python-unregistered! You've been put here because #python requires you to register your nickname with Freenode. For more information about registering on Freenode, ask #freenode. For more information about #python,#python-* moderation, #python-ops.
*	Topic for #python-unregistered set by lvh!~lvh@python/psf/lvh (Fri Jul 01 04:44:19 2011)
*	allen3892 is now known as allen3492
*	bajr is now known as bajr_
*	adam- is now known as adam12
*	danny is now known as Guest57236
*	solotitan is now known as Guest36555
*	Disconnected (Connection reset by peer)
**** ENDING LOGGING AT Sat May 16 01:28:20 2015

**** BEGIN LOGGING AT Sat May 16 01:28:46 2015

*	Now talking on #python-unregistered
*	Topic for #python-unregistered is: Welcome to #python-unregistered! You've been put here because #python requires you to register your nickname with Freenode. For more information about registering on Freenode, ask #freenode. For more information about #python,#python-* moderation, #python-ops.
*	Topic for #python-unregistered set by lvh!~lvh@python/psf/lvh (Fri Jul 01 04:44:19 2011)
*	ohhmaar_ is now known as ohhmaar
*	home is now known as Partial_Ghoul
*	robx_ is now known as treefrob
*	dandelo- is now known as dandelo
*	Aaron101- is now known as Aaron1011
*	mrknife is now known as Guest26344
*	Anthony__ is now known as _blizzy_
*	blackshirt is now known as haneebalhumaro
*	cyphase is now known as Guest65960
*	cryzed_ is now known as cryzed
*	depa is now known as depa_
*	You are now known as 6A4ACI4OJ
*	dowwie is now known as Guest29763
*	dowwie is now known as Guest74001
*	hannes_ is now known as greenit_
*	danny is now known as Guest56925
*	Guest26344 is now known as mrknife
*	mrknife is now known as Guest95232
*	danny is now known as Guest89210
*	TheoM is now known as TheoMurpse
*	quydov is now known as ubungu
*	ubungu is now known as quydo
*	zeller_ is now known as zeller
*	citylight2 is now known as CityLights
*	aeiro_ is now known as aeiro
*	incnspcus_ is now known as incnspcus
*	legoktm is now known as Guest29747
*	Disconnected (Connection reset by peer)
**** ENDING LOGGING AT Sat May 16 11:42:54 2015

**** BEGIN LOGGING AT Sat May 16 12:36:08 2015

*	Now talking on #python-unregistered
*	Topic for #python-unregistered is: Welcome to #python-unregistered! You've been put here because #python requires you to register your nickname with Freenode. For more information about registering on Freenode, ask #freenode. For more information about #python,#python-* moderation, #python-ops.
*	Topic for #python-unregistered set by lvh!~lvh@python/psf/lvh (Fri Jul 01 04:44:19 2011)
*	Disconnected (No such device or address)
**** ENDING LOGGING AT Sat May 16 12:45:52 2015

**** BEGIN LOGGING AT Sat May 16 12:50:19 2015

*	Now talking on #python-unregistered
*	Topic for #python-unregistered is: Welcome to #python-unregistered! You've been put here because #python requires you to register your nickname with Freenode. For more information about registering on Freenode, ask #freenode. For more information about #python,#python-* moderation, #python-ops.
*	Topic for #python-unregistered set by lvh!~lvh@python/psf/lvh (Fri Jul 01 04:44:19 2011)
*	danny is now known as Guest10308
*	flufmsntr is now known as flufmnstr
*	SteelStyle_ is now known as SteelStyle
*	danny is now known as Guest85491
*	Disconnected (No such device or address)
**** ENDING LOGGING AT Sat May 16 16:57:21 2015

**** BEGIN LOGGING AT Sat May 16 17:00:23 2015

*	Now talking on #python-unregistered
*	Topic for #python-unregistered is: Welcome to #python-unregistered! You've been put here because #python requires you to register your nickname with Freenode. For more information about registering on Freenode, ask #freenode. For more information about #python,#python-* moderation, #python-ops.
*	Topic for #python-unregistered set by lvh!~lvh@python/psf/lvh (Fri Jul 01 04:44:19 2011)
*	Guest58585 is now known as shackra
*	Disconnected (Connection reset by peer)
**** ENDING LOGGING AT Sat May 16 17:46:54 2015

**** BEGIN LOGGING AT Sat May 16 18:48:40 2015

*	Now talking on #python-unregistered
*	Topic for #python-unregistered is: Welcome to #python-unregistered! You've been put here because #python requires you to register your nickname with Freenode. For more information about registering on Freenode, ask #freenode. For more information about #python,#python-* moderation, #python-ops.
*	Topic for #python-unregistered set by lvh!~lvh@python/psf/lvh (Fri Jul 01 04:44:19 2011)
*	Rotol1 is now known as ValMass
*	danny is now known as Guest47638
*	bamboozle is now known as Guest57261
*	jc is now known as __jc__
*	__jc__ is now known as jc
*	Py is now known as Guest335
*	bstrie_ is now known as bstrie
*	solotitan is now known as Guest89600
*	Guest79583 is now known as ost
*	Disconnected (Connection reset by peer)
**** ENDING LOGGING AT Sat May 16 22:46:52 2015

**** BEGIN LOGGING AT Sat May 16 23:06:22 2015

*	Now talking on #python-unregistered
*	Topic for #python-unregistered is: Welcome to #python-unregistered! You've been put here because #python requires you to register your nickname with Freenode. For more information about registering on Freenode, ask #freenode. For more information about #python,#python-* moderation, #python-ops.
*	Topic for #python-unregistered set by lvh!~lvh@python/psf/lvh (Fri Jul 01 04:44:19 2011)
*	Disconnected (Connection reset by peer)
**** ENDING LOGGING AT Sat May 16 23:06:22 2015

**** BEGIN LOGGING AT Sat May 16 23:06:49 2015

*	Now talking on #python-unregistered
*	Topic for #python-unregistered is: Welcome to #python-unregistered! You've been put here because #python requires you to register your nickname with Freenode. For more information about registering on Freenode, ask #freenode. For more information about #python,#python-* moderation, #python-ops.
*	Topic for #python-unregistered set by lvh!~lvh@python/psf/lvh (Fri Jul 01 04:44:19 2011)
*	Disconnected (Connection reset by peer)
**** ENDING LOGGING AT Sat May 16 23:06:49 2015

**** BEGIN LOGGING AT Sat May 16 23:07:18 2015

*	Now talking on #python-unregistered
*	Topic for #python-unregistered is: Welcome to #python-unregistered! You've been put here because #python requires you to register your nickname with Freenode. For more information about registering on Freenode, ask #freenode. For more information about #python,#python-* moderation, #python-ops.
*	Topic for #python-unregistered set by lvh!~lvh@python/psf/lvh (Fri Jul 01 04:44:19 2011)
*	Disconnected (Connection reset by peer)
**** ENDING LOGGING AT Sat May 16 23:07:18 2015

**** BEGIN LOGGING AT Sat May 16 23:07:44 2015

*	Now talking on #python-unregistered
*	Topic for #python-unregistered is: Welcome to #python-unregistered! You've been put here because #python requires you to register your nickname with Freenode. For more information about registering on Freenode, ask #freenode. For more information about #python,#python-* moderation, #python-ops.
*	Topic for #python-unregistered set by lvh!~lvh@python/psf/lvh (Fri Jul 01 04:44:19 2011)
*	Disconnected (Connection reset by peer)
**** ENDING LOGGING AT Sat May 16 23:07:44 2015

**** BEGIN LOGGING AT Sat May 16 23:08:11 2015

*	Now talking on #python-unregistered
*	Topic for #python-unregistered is: Welcome to #python-unregistered! You've been put here because #python requires you to register your nickname with Freenode. For more information about registering on Freenode, ask #freenode. For more information about #python,#python-* moderation, #python-ops.
*	Topic for #python-unregistered set by lvh!~lvh@python/psf/lvh (Fri Jul 01 04:44:19 2011)
*	Disconnected (Connection reset by peer)
**** ENDING LOGGING AT Sat May 16 23:08:12 2015

**** BEGIN LOGGING AT Sat May 16 23:08:37 2015

*	Now talking on #python-unregistered
*	Topic for #python-unregistered is: Welcome to #python-unregistered! You've been put here because #python requires you to register your nickname with Freenode. For more information about registering on Freenode, ask #freenode. For more information about #python,#python-* moderation, #python-ops.
*	Topic for #python-unregistered set by lvh!~lvh@python/psf/lvh (Fri Jul 01 04:44:19 2011)
*	kimiamania is now known as Guest33104
*	kimiamania is now known as Guest25218
*	robx_ is now known as treefrob
*	kimiamania is now known as Guest52327
*	zoli is now known as boritek
*	Wizziee_ is now known as Wizziee
*	FaresKAlaboud is now known as freztek
*	Disconnected (Connection reset by peer)
**** ENDING LOGGING AT Sun May 17 10:31:52 2015

